-- Install configuration: ""
-- Up-to-date: /home/anish/ros2_mycobot_ws/install/gazebo/share/gazebo/launch
-- Up-to-date: /home/anish/ros2_mycobot_ws/install/gazebo/share/gazebo/launch/demo_classic.launch.py
-- Up-to-date: /home/anish/ros2_mycobot_ws/install/gazebo/share/gazebo/config
-- Up-to-date: /home/anish/ros2_mycobot_ws/install/gazebo/share/gazebo/worlds
-- Up-to-date: /home/anish/ros2_mycobot_ws/install/gazebo/share/gazebo/worlds/empty.world
-- Up-to-date: /home/anish/ros2_mycobot_ws/install/gazebo/share/gazebo/urdf
-- Up-to-date: /home/anish/ros2_mycobot_ws/install/gazebo/share/gazebo/urdf/final_urdf.urdf
-- Up-to-date: /home/anish/ros2_mycobot_ws/install/gazebo/share/ament_index/resource_index/package_run_dependencies/gazebo
-- Up-to-date: /home/anish/ros2_mycobot_ws/install/gazebo/share/ament_index/resource_index/parent_prefix_path/gazebo
-- Up-to-date: /home/anish/ros2_mycobot_ws/install/gazebo/share/gazebo/environment/ament_prefix_path.sh
-- Up-to-date: /home/anish/ros2_mycobot_ws/install/gazebo/share/gazebo/environment/ament_prefix_path.dsv
-- Up-to-date: /home/anish/ros2_mycobot_ws/install/gazebo/share/gazebo/environment/path.sh
-- Up-to-date: /home/anish/ros2_mycobot_ws/install/gazebo/share/gazebo/environment/path.dsv
-- Up-to-date: /home/anish/ros2_mycobot_ws/install/gazebo/share/gazebo/local_setup.bash
-- Up-to-date: /home/anish/ros2_mycobot_ws/install/gazebo/share/gazebo/local_setup.sh
-- Up-to-date: /home/anish/ros2_mycobot_ws/install/gazebo/share/gazebo/local_setup.zsh
-- Up-to-date: /home/anish/ros2_mycobot_ws/install/gazebo/share/gazebo/local_setup.dsv
-- Up-to-date: /home/anish/ros2_mycobot_ws/install/gazebo/share/gazebo/package.dsv
-- Up-to-date: /home/anish/ros2_mycobot_ws/install/gazebo/share/ament_index/resource_index/packages/gazebo
-- Up-to-date: /home/anish/ros2_mycobot_ws/install/gazebo/share/gazebo/cmake/gazeboConfig.cmake
-- Up-to-date: /home/anish/ros2_mycobot_ws/install/gazebo/share/gazebo/cmake/gazeboConfig-version.cmake
-- Up-to-date: /home/anish/ros2_mycobot_ws/install/gazebo/share/gazebo/package.xml
