[0.007s] Invoking command in '/home/anish/ros2_mycobot_ws/build/mycobot_description': CMAKE_PREFIX_PATH=${CMAKE_PREFIX_PATH}:/opt/ros/humble /usr/bin/cmake /home/anish/ros2_mycobot_ws/src/mycobot_description -DCMAKE_INSTALL_PREFIX=/home/anish/ros2_mycobot_ws/install/mycobot_description
[0.058s] -- The C compiler identification is GNU 11.4.0
[0.099s] -- The CXX compiler identification is GNU 11.4.0
[0.104s] -- Detecting C compiler ABI info
[0.161s] -- Detecting C compiler ABI info - done
[0.166s] -- Check for working C compiler: /usr/bin/cc - skipped
[0.166s] -- Detecting C compile features
[0.167s] -- Detecting C compile features - done
[0.168s] -- Detecting CXX compiler ABI info
[0.234s] -- Detecting CXX compiler ABI info - done
[0.238s] -- Check for working CXX compiler: /usr/bin/c++ - skipped
[0.238s] -- Detecting CXX compile features
[0.238s] -- Detecting CXX compile features - done
[0.240s] -- Found ament_cmake: 1.3.11 (/opt/ros/humble/share/ament_cmake/cmake)
[0.343s] -- Found Python3: /usr/bin/python3 (found version "3.10.12") found components: Interpreter 
[0.401s] -- Found rclcpp: 16.0.12 (/opt/ros/humble/share/rclcpp/cmake)
[0.428s] -- Found rosidl_generator_c: 3.1.6 (/opt/ros/humble/share/rosidl_generator_c/cmake)
[0.431s] -- Found rosidl_adapter: 3.1.6 (/opt/ros/humble/share/rosidl_adapter/cmake)
[0.438s] -- Found rosidl_generator_cpp: 3.1.6 (/opt/ros/humble/share/rosidl_generator_cpp/cmake)
[0.445s] -- Using all available rosidl_typesupport_c: rosidl_typesupport_fastrtps_c;rosidl_typesupport_introspection_c
[0.454s] -- Using all available rosidl_typesupport_cpp: rosidl_typesupport_fastrtps_cpp;rosidl_typesupport_introspection_cpp
[0.481s] -- Found rmw_implementation_cmake: 6.1.2 (/opt/ros/humble/share/rmw_implementation_cmake/cmake)
[0.483s] -- Found rmw_fastrtps_cpp: 6.2.7 (/opt/ros/humble/share/rmw_fastrtps_cpp/cmake)
[0.555s] -- Found OpenSSL: /usr/lib/x86_64-linux-gnu/libcrypto.so (found version "3.0.2")  
[0.575s] -- Found FastRTPS: /opt/ros/humble/include  
[0.604s] -- Using RMW implementation 'rmw_fastrtps_cpp' as default
[0.609s] -- Looking for pthread.h
[0.671s] -- Looking for pthread.h - found
[0.671s] -- Performing Test CMAKE_HAVE_LIBC_PTHREAD
[0.733s] -- Performing Test CMAKE_HAVE_LIBC_PTHREAD - Success
[0.733s] -- Found Threads: TRUE  
[0.763s] -- Found ament_lint_auto: 0.12.12 (/opt/ros/humble/share/ament_lint_auto/cmake)
[0.808s] -- Added test 'lint_cmake' to check CMake code style
[0.809s] -- Added test 'xmllint' to check XML markup files
[0.810s] -- Configuring done
[0.813s] -- Generating done
[0.814s] -- Build files have been written to: /home/anish/ros2_mycobot_ws/build/mycobot_description
[0.821s] Invoked command in '/home/anish/ros2_mycobot_ws/build/mycobot_description' returned '0': CMAKE_PREFIX_PATH=${CMAKE_PREFIX_PATH}:/opt/ros/humble /usr/bin/cmake /home/anish/ros2_mycobot_ws/src/mycobot_description -DCMAKE_INSTALL_PREFIX=/home/anish/ros2_mycobot_ws/install/mycobot_description
[0.823s] Invoking command in '/home/anish/ros2_mycobot_ws/build/mycobot_description': CMAKE_PREFIX_PATH=${CMAKE_PREFIX_PATH}:/opt/ros/humble /usr/bin/cmake --build /home/anish/ros2_mycobot_ws/build/mycobot_description -- -j16 -l16
[0.859s] Invoked command in '/home/anish/ros2_mycobot_ws/build/mycobot_description' returned '0': CMAKE_PREFIX_PATH=${CMAKE_PREFIX_PATH}:/opt/ros/humble /usr/bin/cmake --build /home/anish/ros2_mycobot_ws/build/mycobot_description -- -j16 -l16
[0.867s] Invoking command in '/home/anish/ros2_mycobot_ws/build/mycobot_description': CMAKE_PREFIX_PATH=${CMAKE_PREFIX_PATH}:/opt/ros/humble /usr/bin/cmake --install /home/anish/ros2_mycobot_ws/build/mycobot_description
[0.873s] -- Install configuration: ""
[0.873s] -- Installing: /home/anish/ros2_mycobot_ws/install/mycobot_description/share/ament_index/resource_index/package_run_dependencies/mycobot_description
[0.873s] -- Installing: /home/anish/ros2_mycobot_ws/install/mycobot_description/share/ament_index/resource_index/parent_prefix_path/mycobot_description
[0.873s] -- Installing: /home/anish/ros2_mycobot_ws/install/mycobot_description/share/mycobot_description/environment/ament_prefix_path.sh
[0.873s] -- Installing: /home/anish/ros2_mycobot_ws/install/mycobot_description/share/mycobot_description/environment/ament_prefix_path.dsv
[0.873s] -- Installing: /home/anish/ros2_mycobot_ws/install/mycobot_description/share/mycobot_description/environment/path.sh
[0.873s] -- Installing: /home/anish/ros2_mycobot_ws/install/mycobot_description/share/mycobot_description/environment/path.dsv
[0.873s] -- Installing: /home/anish/ros2_mycobot_ws/install/mycobot_description/share/mycobot_description/local_setup.bash
[0.874s] -- Installing: /home/anish/ros2_mycobot_ws/install/mycobot_description/share/mycobot_description/local_setup.sh
[0.874s] -- Installing: /home/anish/ros2_mycobot_ws/install/mycobot_description/share/mycobot_description/local_setup.zsh
[0.874s] -- Installing: /home/anish/ros2_mycobot_ws/install/mycobot_description/share/mycobot_description/local_setup.dsv
[0.874s] -- Installing: /home/anish/ros2_mycobot_ws/install/mycobot_description/share/mycobot_description/package.dsv
[0.874s] -- Installing: /home/anish/ros2_mycobot_ws/install/mycobot_description/share/ament_index/resource_index/packages/mycobot_description
[0.874s] -- Installing: /home/anish/ros2_mycobot_ws/install/mycobot_description/share/mycobot_description/cmake/mycobot_descriptionConfig.cmake
[0.874s] -- Installing: /home/anish/ros2_mycobot_ws/install/mycobot_description/share/mycobot_description/cmake/mycobot_descriptionConfig-version.cmake
[0.874s] -- Installing: /home/anish/ros2_mycobot_ws/install/mycobot_description/share/mycobot_description/package.xml
[0.876s] Invoked command in '/home/anish/ros2_mycobot_ws/build/mycobot_description' returned '0': CMAKE_PREFIX_PATH=${CMAKE_PREFIX_PATH}:/opt/ros/humble /usr/bin/cmake --install /home/anish/ros2_mycobot_ws/build/mycobot_description
