[0.011s] Invoking command in '/home/anish/ros2_mycobot_ws/build/gazebo': CMAKE_PREFIX_PATH=/opt/ros/humble /usr/bin/cmake --build /home/anish/ros2_mycobot_ws/build/gazebo -- -j16 -l16
[0.046s] Invoked command in '/home/anish/ros2_mycobot_ws/build/gazebo' returned '0': CMAKE_PREFIX_PATH=/opt/ros/humble /usr/bin/cmake --build /home/anish/ros2_mycobot_ws/build/gazebo -- -j16 -l16
[0.053s] Invoking command in '/home/anish/ros2_mycobot_ws/build/gazebo': CMAKE_PREFIX_PATH=/opt/ros/humble /usr/bin/cmake --install /home/anish/ros2_mycobot_ws/build/gazebo
[0.060s] -- Install configuration: ""
[0.060s] -- Up-to-date: /home/anish/ros2_mycobot_ws/install/gazebo/share/gazebo/launch
[0.060s] -- Up-to-date: /home/anish/ros2_mycobot_ws/install/gazebo/share/gazebo/launch/demo_classic.launch.py
[0.060s] -- Up-to-date: /home/anish/ros2_mycobot_ws/install/gazebo/share/gazebo/config
[0.060s] -- Up-to-date: /home/anish/ros2_mycobot_ws/install/gazebo/share/gazebo/worlds
[0.060s] -- Up-to-date: /home/anish/ros2_mycobot_ws/install/gazebo/share/gazebo/worlds/empty.world
[0.060s] -- Up-to-date: /home/anish/ros2_mycobot_ws/install/gazebo/share/gazebo/urdf
[0.060s] -- Up-to-date: /home/anish/ros2_mycobot_ws/install/gazebo/share/gazebo/urdf/final_urdf.urdf
[0.061s] -- Up-to-date: /home/anish/ros2_mycobot_ws/install/gazebo/share/ament_index/resource_index/package_run_dependencies/gazebo
[0.061s] -- Up-to-date: /home/anish/ros2_mycobot_ws/install/gazebo/share/ament_index/resource_index/parent_prefix_path/gazebo
[0.061s] -- Up-to-date: /home/anish/ros2_mycobot_ws/install/gazebo/share/gazebo/environment/ament_prefix_path.sh
[0.061s] -- Up-to-date: /home/anish/ros2_mycobot_ws/install/gazebo/share/gazebo/environment/ament_prefix_path.dsv
[0.061s] -- Up-to-date: /home/anish/ros2_mycobot_ws/install/gazebo/share/gazebo/environment/path.sh
[0.061s] -- Up-to-date: /home/anish/ros2_mycobot_ws/install/gazebo/share/gazebo/environment/path.dsv
[0.061s] -- Up-to-date: /home/anish/ros2_mycobot_ws/install/gazebo/share/gazebo/local_setup.bash
[0.061s] -- Up-to-date: /home/anish/ros2_mycobot_ws/install/gazebo/share/gazebo/local_setup.sh
[0.061s] -- Up-to-date: /home/anish/ros2_mycobot_ws/install/gazebo/share/gazebo/local_setup.zsh
[0.061s] -- Up-to-date: /home/anish/ros2_mycobot_ws/install/gazebo/share/gazebo/local_setup.dsv
[0.062s] -- Installing: /home/anish/ros2_mycobot_ws/install/gazebo/share/gazebo/package.dsv
[0.062s] -- Up-to-date: /home/anish/ros2_mycobot_ws/install/gazebo/share/ament_index/resource_index/packages/gazebo
[0.062s] -- Up-to-date: /home/anish/ros2_mycobot_ws/install/gazebo/share/gazebo/cmake/gazeboConfig.cmake
[0.062s] -- Up-to-date: /home/anish/ros2_mycobot_ws/install/gazebo/share/gazebo/cmake/gazeboConfig-version.cmake
[0.062s] -- Up-to-date: /home/anish/ros2_mycobot_ws/install/gazebo/share/gazebo/package.xml
[0.065s] Invoked command in '/home/anish/ros2_mycobot_ws/build/gazebo' returned '0': CMAKE_PREFIX_PATH=/opt/ros/humble /usr/bin/cmake --install /home/anish/ros2_mycobot_ws/build/gazebo
