[0.055s] DEBUG:colcon:Command line arguments: ['/usr/bin/colcon', 'build']
[0.055s] DEBUG:colcon:Parsed command line arguments: Namespace(log_base=None, log_level=None, verb_name='build', build_base='build', install_base='install', merge_install=False, symlink_install=False, test_result_base=None, continue_on_error=False, executor='parallel', parallel_workers=16, event_handlers=None, ignore_user_meta=False, metas=['./colcon.meta'], base_paths=['.'], packages_ignore=None, packages_ignore_regex=None, paths=None, packages_up_to=None, packages_up_to_regex=None, packages_above=None, packages_above_and_dependencies=None, packages_above_depth=None, packages_select_by_dep=None, packages_skip_by_dep=None, packages_skip_up_to=None, packages_select_build_failed=False, packages_skip_build_finished=False, packages_select_test_failures=False, packages_skip_test_passed=False, packages_select=None, packages_skip=None, packages_select_regex=None, packages_skip_regex=None, packages_start=None, packages_end=None, allow_overriding=[], cmake_args=None, cmake_target=None, cmake_target_skip_unavailable=False, cmake_clean_cache=False, cmake_clean_first=False, cmake_force_configure=False, ament_cmake_args=None, catkin_cmake_args=None, catkin_skip_building_tests=False, verb_parser=<colcon_defaults.argument_parser.defaults.DefaultArgumentsDecorator object at 0x7a22c4417dc0>, verb_extension=<colcon_core.verb.build.BuildVerb object at 0x7a22c45cd690>, main=<bound method BuildVerb.main of <colcon_core.verb.build.BuildVerb object at 0x7a22c45cd690>>)
[0.137s] Level 1:colcon.colcon_core.package_discovery:discover_packages(colcon_meta) check parameters
[0.137s] Level 1:colcon.colcon_core.package_discovery:discover_packages(recursive) check parameters
[0.137s] Level 1:colcon.colcon_core.package_discovery:discover_packages(ignore) check parameters
[0.137s] Level 1:colcon.colcon_core.package_discovery:discover_packages(path) check parameters
[0.137s] Level 1:colcon.colcon_core.package_discovery:discover_packages(colcon_meta) discover
[0.137s] Level 1:colcon.colcon_core.package_discovery:discover_packages(recursive) discover
[0.137s] INFO:colcon.colcon_core.package_discovery:Crawling recursively for packages in '/home/anish/ros2_mycobot_ws'
[0.137s] Level 1:colcon.colcon_core.package_identification:_identify(.) by extensions ['ignore', 'ignore_ament_install']
[0.137s] Level 1:colcon.colcon_core.package_identification:_identify(.) by extension 'ignore'
[0.137s] Level 1:colcon.colcon_core.package_identification:_identify(.) by extension 'ignore_ament_install'
[0.137s] Level 1:colcon.colcon_core.package_identification:_identify(.) by extensions ['colcon_pkg']
[0.137s] Level 1:colcon.colcon_core.package_identification:_identify(.) by extension 'colcon_pkg'
[0.137s] Level 1:colcon.colcon_core.package_identification:_identify(.) by extensions ['colcon_meta']
[0.137s] Level 1:colcon.colcon_core.package_identification:_identify(.) by extension 'colcon_meta'
[0.137s] Level 1:colcon.colcon_core.package_identification:_identify(.) by extensions ['ros']
[0.137s] Level 1:colcon.colcon_core.package_identification:_identify(.) by extension 'ros'
[0.143s] Level 1:colcon.colcon_core.package_identification:_identify(.) by extensions ['cmake', 'python']
[0.143s] Level 1:colcon.colcon_core.package_identification:_identify(.) by extension 'cmake'
[0.143s] Level 1:colcon.colcon_core.package_identification:_identify(.) by extension 'python'
[0.143s] Level 1:colcon.colcon_core.package_identification:_identify(.) by extensions ['python_setup_py']
[0.144s] Level 1:colcon.colcon_core.package_identification:_identify(.) by extension 'python_setup_py'
[0.144s] Level 1:colcon.colcon_core.package_identification:_identify(build) by extensions ['ignore', 'ignore_ament_install']
[0.144s] Level 1:colcon.colcon_core.package_identification:_identify(build) by extension 'ignore'
[0.144s] Level 1:colcon.colcon_core.package_identification:_identify(build) ignored
[0.144s] Level 1:colcon.colcon_core.package_identification:_identify(install) by extensions ['ignore', 'ignore_ament_install']
[0.144s] Level 1:colcon.colcon_core.package_identification:_identify(install) by extension 'ignore'
[0.144s] Level 1:colcon.colcon_core.package_identification:_identify(install) ignored
[0.144s] Level 1:colcon.colcon_core.package_identification:_identify(log) by extensions ['ignore', 'ignore_ament_install']
[0.144s] Level 1:colcon.colcon_core.package_identification:_identify(log) by extension 'ignore'
[0.144s] Level 1:colcon.colcon_core.package_identification:_identify(log) ignored
[0.144s] Level 1:colcon.colcon_core.package_identification:_identify(src) by extensions ['ignore', 'ignore_ament_install']
[0.144s] Level 1:colcon.colcon_core.package_identification:_identify(src) by extension 'ignore'
[0.144s] Level 1:colcon.colcon_core.package_identification:_identify(src) by extension 'ignore_ament_install'
[0.144s] Level 1:colcon.colcon_core.package_identification:_identify(src) by extensions ['colcon_pkg']
[0.144s] Level 1:colcon.colcon_core.package_identification:_identify(src) by extension 'colcon_pkg'
[0.144s] Level 1:colcon.colcon_core.package_identification:_identify(src) by extensions ['colcon_meta']
[0.144s] Level 1:colcon.colcon_core.package_identification:_identify(src) by extension 'colcon_meta'
[0.144s] Level 1:colcon.colcon_core.package_identification:_identify(src) by extensions ['ros']
[0.144s] Level 1:colcon.colcon_core.package_identification:_identify(src) by extension 'ros'
[0.144s] Level 1:colcon.colcon_core.package_identification:_identify(src) by extensions ['cmake', 'python']
[0.144s] Level 1:colcon.colcon_core.package_identification:_identify(src) by extension 'cmake'
[0.144s] Level 1:colcon.colcon_core.package_identification:_identify(src) by extension 'python'
[0.144s] Level 1:colcon.colcon_core.package_identification:_identify(src) by extensions ['python_setup_py']
[0.144s] Level 1:colcon.colcon_core.package_identification:_identify(src) by extension 'python_setup_py'
[0.144s] Level 1:colcon.colcon_core.package_identification:_identify(src/mycobot_description) by extensions ['ignore', 'ignore_ament_install']
[0.144s] Level 1:colcon.colcon_core.package_identification:_identify(src/mycobot_description) by extension 'ignore'
[0.144s] Level 1:colcon.colcon_core.package_identification:_identify(src/mycobot_description) by extension 'ignore_ament_install'
[0.144s] Level 1:colcon.colcon_core.package_identification:_identify(src/mycobot_description) by extensions ['colcon_pkg']
[0.144s] Level 1:colcon.colcon_core.package_identification:_identify(src/mycobot_description) by extension 'colcon_pkg'
[0.144s] Level 1:colcon.colcon_core.package_identification:_identify(src/mycobot_description) by extensions ['colcon_meta']
[0.144s] Level 1:colcon.colcon_core.package_identification:_identify(src/mycobot_description) by extension 'colcon_meta'
[0.144s] Level 1:colcon.colcon_core.package_identification:_identify(src/mycobot_description) by extensions ['ros']
[0.144s] Level 1:colcon.colcon_core.package_identification:_identify(src/mycobot_description) by extension 'ros'
[0.146s] DEBUG:colcon.colcon_core.package_identification:Package 'src/mycobot_description' with type 'ros.ament_cmake' and name 'mycobot_description'
[0.146s] Level 1:colcon.colcon_core.package_identification:_identify(src/mycobot_moveit_config_new) by extensions ['ignore', 'ignore_ament_install']
[0.146s] Level 1:colcon.colcon_core.package_identification:_identify(src/mycobot_moveit_config_new) by extension 'ignore'
[0.146s] Level 1:colcon.colcon_core.package_identification:_identify(src/mycobot_moveit_config_new) by extension 'ignore_ament_install'
[0.146s] Level 1:colcon.colcon_core.package_identification:_identify(src/mycobot_moveit_config_new) by extensions ['colcon_pkg']
[0.146s] Level 1:colcon.colcon_core.package_identification:_identify(src/mycobot_moveit_config_new) by extension 'colcon_pkg'
[0.146s] Level 1:colcon.colcon_core.package_identification:_identify(src/mycobot_moveit_config_new) by extensions ['colcon_meta']
[0.146s] Level 1:colcon.colcon_core.package_identification:_identify(src/mycobot_moveit_config_new) by extension 'colcon_meta'
[0.146s] Level 1:colcon.colcon_core.package_identification:_identify(src/mycobot_moveit_config_new) by extensions ['ros']
[0.146s] Level 1:colcon.colcon_core.package_identification:_identify(src/mycobot_moveit_config_new) by extension 'ros'
[0.146s] DEBUG:colcon.colcon_core.package_identification:Package 'src/mycobot_moveit_config_new' with type 'ros.ament_cmake' and name 'mycobot_moveit_config_new'
[0.146s] Level 1:colcon.colcon_core.package_discovery:discover_packages(recursive) using defaults
[0.146s] Level 1:colcon.colcon_core.package_discovery:discover_packages(ignore) discover
[0.146s] Level 1:colcon.colcon_core.package_discovery:discover_packages(ignore) using defaults
[0.146s] Level 1:colcon.colcon_core.package_discovery:discover_packages(path) discover
[0.147s] Level 1:colcon.colcon_core.package_discovery:discover_packages(path) using defaults
[0.167s] Level 1:colcon.colcon_core.package_discovery:discover_packages(prefix_path) check parameters
[0.167s] Level 1:colcon.colcon_core.package_discovery:discover_packages(prefix_path) discover
[0.168s] DEBUG:colcon.colcon_installed_package_information.package_discovery:Found 2 installed packages in /home/anish/ros2_mycobot_ws/install
[0.168s] DEBUG:colcon.colcon_installed_package_information.package_discovery:Found 0 installed packages in /home/anish/ros2_robot_ws/install
[0.169s] DEBUG:colcon.colcon_installed_package_information.package_discovery:Found 378 installed packages in /opt/ros/humble
[0.170s] Level 1:colcon.colcon_core.package_discovery:discover_packages(prefix_path) using defaults
[0.196s] Level 5:colcon.colcon_core.verb:set package 'mycobot_description' build argument 'cmake_args' from command line to 'None'
[0.196s] Level 5:colcon.colcon_core.verb:set package 'mycobot_description' build argument 'cmake_target' from command line to 'None'
[0.196s] Level 5:colcon.colcon_core.verb:set package 'mycobot_description' build argument 'cmake_target_skip_unavailable' from command line to 'False'
[0.196s] Level 5:colcon.colcon_core.verb:set package 'mycobot_description' build argument 'cmake_clean_cache' from command line to 'False'
[0.196s] Level 5:colcon.colcon_core.verb:set package 'mycobot_description' build argument 'cmake_clean_first' from command line to 'False'
[0.196s] Level 5:colcon.colcon_core.verb:set package 'mycobot_description' build argument 'cmake_force_configure' from command line to 'False'
[0.196s] Level 5:colcon.colcon_core.verb:set package 'mycobot_description' build argument 'ament_cmake_args' from command line to 'None'
[0.196s] Level 5:colcon.colcon_core.verb:set package 'mycobot_description' build argument 'catkin_cmake_args' from command line to 'None'
[0.196s] Level 5:colcon.colcon_core.verb:set package 'mycobot_description' build argument 'catkin_skip_building_tests' from command line to 'False'
[0.196s] DEBUG:colcon.colcon_core.verb:Building package 'mycobot_description' with the following arguments: {'ament_cmake_args': None, 'build_base': '/home/anish/ros2_mycobot_ws/build/mycobot_description', 'catkin_cmake_args': None, 'catkin_skip_building_tests': False, 'cmake_args': None, 'cmake_clean_cache': False, 'cmake_clean_first': False, 'cmake_force_configure': False, 'cmake_target': None, 'cmake_target_skip_unavailable': False, 'install_base': '/home/anish/ros2_mycobot_ws/install/mycobot_description', 'merge_install': False, 'path': '/home/anish/ros2_mycobot_ws/src/mycobot_description', 'symlink_install': False, 'test_result_base': None}
[0.197s] Level 5:colcon.colcon_core.verb:set package 'mycobot_moveit_config_new' build argument 'cmake_args' from command line to 'None'
[0.197s] Level 5:colcon.colcon_core.verb:set package 'mycobot_moveit_config_new' build argument 'cmake_target' from command line to 'None'
[0.197s] Level 5:colcon.colcon_core.verb:set package 'mycobot_moveit_config_new' build argument 'cmake_target_skip_unavailable' from command line to 'False'
[0.197s] Level 5:colcon.colcon_core.verb:set package 'mycobot_moveit_config_new' build argument 'cmake_clean_cache' from command line to 'False'
[0.197s] Level 5:colcon.colcon_core.verb:set package 'mycobot_moveit_config_new' build argument 'cmake_clean_first' from command line to 'False'
[0.197s] Level 5:colcon.colcon_core.verb:set package 'mycobot_moveit_config_new' build argument 'cmake_force_configure' from command line to 'False'
[0.197s] Level 5:colcon.colcon_core.verb:set package 'mycobot_moveit_config_new' build argument 'ament_cmake_args' from command line to 'None'
[0.197s] Level 5:colcon.colcon_core.verb:set package 'mycobot_moveit_config_new' build argument 'catkin_cmake_args' from command line to 'None'
[0.197s] Level 5:colcon.colcon_core.verb:set package 'mycobot_moveit_config_new' build argument 'catkin_skip_building_tests' from command line to 'False'
[0.197s] DEBUG:colcon.colcon_core.verb:Building package 'mycobot_moveit_config_new' with the following arguments: {'ament_cmake_args': None, 'build_base': '/home/anish/ros2_mycobot_ws/build/mycobot_moveit_config_new', 'catkin_cmake_args': None, 'catkin_skip_building_tests': False, 'cmake_args': None, 'cmake_clean_cache': False, 'cmake_clean_first': False, 'cmake_force_configure': False, 'cmake_target': None, 'cmake_target_skip_unavailable': False, 'install_base': '/home/anish/ros2_mycobot_ws/install/mycobot_moveit_config_new', 'merge_install': False, 'path': '/home/anish/ros2_mycobot_ws/src/mycobot_moveit_config_new', 'symlink_install': False, 'test_result_base': None}
[0.197s] INFO:colcon.colcon_core.executor:Executing jobs using 'parallel' executor
[0.198s] DEBUG:colcon.colcon_parallel_executor.executor.parallel:run_until_complete
[0.198s] INFO:colcon.colcon_ros.task.ament_cmake.build:Building ROS package in '/home/anish/ros2_mycobot_ws/src/mycobot_description' with build type 'ament_cmake'
[0.198s] INFO:colcon.colcon_cmake.task.cmake.build:Building CMake package in '/home/anish/ros2_mycobot_ws/src/mycobot_description'
[0.199s] INFO:colcon.colcon_core.plugin_system:Skipping extension 'colcon_core.shell.bat': Not used on non-Windows systems
[0.200s] INFO:colcon.colcon_core.shell:Skip shell extension 'powershell' for command environment: Not usable outside of PowerShell
[0.200s] DEBUG:colcon.colcon_core.shell:Skip shell extension 'dsv' for command environment
[0.207s] DEBUG:colcon.colcon_core.event_handler.log_command:Invoking command in '/home/anish/ros2_mycobot_ws/build/mycobot_description': CMAKE_PREFIX_PATH=${CMAKE_PREFIX_PATH}:/opt/ros/humble /usr/bin/cmake --build /home/anish/ros2_mycobot_ws/build/mycobot_description -- -j16 -l16
[0.240s] DEBUG:colcon.colcon_core.event_handler.log_command:Invoked command in '/home/anish/ros2_mycobot_ws/build/mycobot_description' returned '0': CMAKE_PREFIX_PATH=${CMAKE_PREFIX_PATH}:/opt/ros/humble /usr/bin/cmake --build /home/anish/ros2_mycobot_ws/build/mycobot_description -- -j16 -l16
[0.250s] DEBUG:colcon.colcon_core.event_handler.log_command:Invoking command in '/home/anish/ros2_mycobot_ws/build/mycobot_description': CMAKE_PREFIX_PATH=${CMAKE_PREFIX_PATH}:/opt/ros/humble /usr/bin/cmake --install /home/anish/ros2_mycobot_ws/build/mycobot_description
[0.259s] Level 1:colcon.colcon_core.environment:create_environment_scripts_only(mycobot_description)
[0.260s] DEBUG:colcon.colcon_core.event_handler.log_command:Invoked command in '/home/anish/ros2_mycobot_ws/build/mycobot_description' returned '0': CMAKE_PREFIX_PATH=${CMAKE_PREFIX_PATH}:/opt/ros/humble /usr/bin/cmake --install /home/anish/ros2_mycobot_ws/build/mycobot_description
[0.261s] Level 1:colcon.colcon_core.environment:checking '/home/anish/ros2_mycobot_ws/install/mycobot_description' for CMake module files
[0.261s] Level 1:colcon.colcon_core.environment:checking '/home/anish/ros2_mycobot_ws/install/mycobot_description' for CMake config files
[0.261s] Level 1:colcon.colcon_core.shell:create_environment_hook('mycobot_description', 'cmake_prefix_path')
[0.262s] INFO:colcon.colcon_core.shell:Creating environment hook '/home/anish/ros2_mycobot_ws/install/mycobot_description/share/mycobot_description/hook/cmake_prefix_path.ps1'
[0.262s] INFO:colcon.colcon_core.shell:Creating environment descriptor '/home/anish/ros2_mycobot_ws/install/mycobot_description/share/mycobot_description/hook/cmake_prefix_path.dsv'
[0.262s] INFO:colcon.colcon_core.shell:Creating environment hook '/home/anish/ros2_mycobot_ws/install/mycobot_description/share/mycobot_description/hook/cmake_prefix_path.sh'
[0.263s] Level 1:colcon.colcon_core.environment:checking '/home/anish/ros2_mycobot_ws/install/mycobot_description/bin'
[0.263s] Level 1:colcon.colcon_core.environment:checking '/home/anish/ros2_mycobot_ws/install/mycobot_description/lib/pkgconfig/mycobot_description.pc'
[0.263s] Level 1:colcon.colcon_core.environment:checking '/home/anish/ros2_mycobot_ws/install/mycobot_description/lib/python3.10/site-packages'
[0.263s] Level 1:colcon.colcon_core.environment:checking '/home/anish/ros2_mycobot_ws/install/mycobot_description/bin'
[0.263s] INFO:colcon.colcon_core.shell:Creating package script '/home/anish/ros2_mycobot_ws/install/mycobot_description/share/mycobot_description/package.ps1'
[0.264s] INFO:colcon.colcon_core.shell:Creating package descriptor '/home/anish/ros2_mycobot_ws/install/mycobot_description/share/mycobot_description/package.dsv'
[0.264s] INFO:colcon.colcon_core.shell:Creating package script '/home/anish/ros2_mycobot_ws/install/mycobot_description/share/mycobot_description/package.sh'
[0.264s] INFO:colcon.colcon_core.shell:Creating package script '/home/anish/ros2_mycobot_ws/install/mycobot_description/share/mycobot_description/package.bash'
[0.265s] INFO:colcon.colcon_core.shell:Creating package script '/home/anish/ros2_mycobot_ws/install/mycobot_description/share/mycobot_description/package.zsh'
[0.265s] Level 1:colcon.colcon_core.environment:create_file_with_runtime_dependencies(/home/anish/ros2_mycobot_ws/install/mycobot_description/share/colcon-core/packages/mycobot_description)
[0.265s] Level 1:colcon.colcon_core.environment:create_environment_scripts_only(mycobot_description)
[0.265s] Level 1:colcon.colcon_core.environment:checking '/home/anish/ros2_mycobot_ws/install/mycobot_description' for CMake module files
[0.266s] Level 1:colcon.colcon_core.environment:checking '/home/anish/ros2_mycobot_ws/install/mycobot_description' for CMake config files
[0.266s] Level 1:colcon.colcon_core.shell:create_environment_hook('mycobot_description', 'cmake_prefix_path')
[0.266s] INFO:colcon.colcon_core.shell:Creating environment hook '/home/anish/ros2_mycobot_ws/install/mycobot_description/share/mycobot_description/hook/cmake_prefix_path.ps1'
[0.266s] INFO:colcon.colcon_core.shell:Creating environment descriptor '/home/anish/ros2_mycobot_ws/install/mycobot_description/share/mycobot_description/hook/cmake_prefix_path.dsv'
[0.266s] INFO:colcon.colcon_core.shell:Creating environment hook '/home/anish/ros2_mycobot_ws/install/mycobot_description/share/mycobot_description/hook/cmake_prefix_path.sh'
[0.266s] Level 1:colcon.colcon_core.environment:checking '/home/anish/ros2_mycobot_ws/install/mycobot_description/bin'
[0.266s] Level 1:colcon.colcon_core.environment:checking '/home/anish/ros2_mycobot_ws/install/mycobot_description/lib/pkgconfig/mycobot_description.pc'
[0.267s] Level 1:colcon.colcon_core.environment:checking '/home/anish/ros2_mycobot_ws/install/mycobot_description/lib/python3.10/site-packages'
[0.267s] Level 1:colcon.colcon_core.environment:checking '/home/anish/ros2_mycobot_ws/install/mycobot_description/bin'
[0.267s] INFO:colcon.colcon_core.shell:Creating package script '/home/anish/ros2_mycobot_ws/install/mycobot_description/share/mycobot_description/package.ps1'
[0.267s] INFO:colcon.colcon_core.shell:Creating package descriptor '/home/anish/ros2_mycobot_ws/install/mycobot_description/share/mycobot_description/package.dsv'
[0.267s] INFO:colcon.colcon_core.shell:Creating package script '/home/anish/ros2_mycobot_ws/install/mycobot_description/share/mycobot_description/package.sh'
[0.268s] INFO:colcon.colcon_core.shell:Creating package script '/home/anish/ros2_mycobot_ws/install/mycobot_description/share/mycobot_description/package.bash'
[0.268s] INFO:colcon.colcon_core.shell:Creating package script '/home/anish/ros2_mycobot_ws/install/mycobot_description/share/mycobot_description/package.zsh'
[0.268s] Level 1:colcon.colcon_core.environment:create_file_with_runtime_dependencies(/home/anish/ros2_mycobot_ws/install/mycobot_description/share/colcon-core/packages/mycobot_description)
[0.268s] INFO:colcon.colcon_ros.task.ament_cmake.build:Building ROS package in '/home/anish/ros2_mycobot_ws/src/mycobot_moveit_config_new' with build type 'ament_cmake'
[0.268s] INFO:colcon.colcon_cmake.task.cmake.build:Building CMake package in '/home/anish/ros2_mycobot_ws/src/mycobot_moveit_config_new'
[0.269s] INFO:colcon.colcon_core.shell:Skip shell extension 'powershell' for command environment: Not usable outside of PowerShell
[0.269s] DEBUG:colcon.colcon_core.shell:Skip shell extension 'dsv' for command environment
[0.276s] DEBUG:colcon.colcon_core.event_handler.log_command:Invoking command in '/home/anish/ros2_mycobot_ws/build/mycobot_moveit_config_new': CMAKE_PREFIX_PATH=/home/anish/ros2_mycobot_ws/install/mycobot_description:/home/anish/ros2_mycobot_ws/install/mycobot_moveit_config_new:/opt/ros/humble /usr/bin/cmake --build /home/anish/ros2_mycobot_ws/build/mycobot_moveit_config_new -- -j16 -l16
[0.436s] DEBUG:colcon.colcon_core.event_handler.log_command:Invoked command in '/home/anish/ros2_mycobot_ws/build/mycobot_moveit_config_new' returned '0': CMAKE_PREFIX_PATH=/home/anish/ros2_mycobot_ws/install/mycobot_description:/home/anish/ros2_mycobot_ws/install/mycobot_moveit_config_new:/opt/ros/humble /usr/bin/cmake --build /home/anish/ros2_mycobot_ws/build/mycobot_moveit_config_new -- -j16 -l16
[0.437s] DEBUG:colcon.colcon_core.event_handler.log_command:Invoking command in '/home/anish/ros2_mycobot_ws/build/mycobot_moveit_config_new': CMAKE_PREFIX_PATH=/home/anish/ros2_mycobot_ws/install/mycobot_description:/home/anish/ros2_mycobot_ws/install/mycobot_moveit_config_new:/opt/ros/humble /usr/bin/cmake --install /home/anish/ros2_mycobot_ws/build/mycobot_moveit_config_new
[0.447s] Level 1:colcon.colcon_core.environment:create_environment_scripts_only(mycobot_moveit_config_new)
[0.447s] Level 1:colcon.colcon_core.environment:checking '/home/anish/ros2_mycobot_ws/install/mycobot_moveit_config_new' for CMake module files
[0.447s] DEBUG:colcon.colcon_core.event_handler.log_command:Invoked command in '/home/anish/ros2_mycobot_ws/build/mycobot_moveit_config_new' returned '0': CMAKE_PREFIX_PATH=/home/anish/ros2_mycobot_ws/install/mycobot_description:/home/anish/ros2_mycobot_ws/install/mycobot_moveit_config_new:/opt/ros/humble /usr/bin/cmake --install /home/anish/ros2_mycobot_ws/build/mycobot_moveit_config_new
[0.447s] Level 1:colcon.colcon_core.environment:checking '/home/anish/ros2_mycobot_ws/install/mycobot_moveit_config_new' for CMake config files
[0.447s] Level 1:colcon.colcon_core.shell:create_environment_hook('mycobot_moveit_config_new', 'cmake_prefix_path')
[0.447s] INFO:colcon.colcon_core.shell:Creating environment hook '/home/anish/ros2_mycobot_ws/install/mycobot_moveit_config_new/share/mycobot_moveit_config_new/hook/cmake_prefix_path.ps1'
[0.448s] INFO:colcon.colcon_core.shell:Creating environment descriptor '/home/anish/ros2_mycobot_ws/install/mycobot_moveit_config_new/share/mycobot_moveit_config_new/hook/cmake_prefix_path.dsv'
[0.448s] INFO:colcon.colcon_core.shell:Creating environment hook '/home/anish/ros2_mycobot_ws/install/mycobot_moveit_config_new/share/mycobot_moveit_config_new/hook/cmake_prefix_path.sh'
[0.448s] Level 1:colcon.colcon_core.environment:checking '/home/anish/ros2_mycobot_ws/install/mycobot_moveit_config_new/bin'
[0.448s] Level 1:colcon.colcon_core.environment:checking '/home/anish/ros2_mycobot_ws/install/mycobot_moveit_config_new/lib/pkgconfig/mycobot_moveit_config_new.pc'
[0.448s] Level 1:colcon.colcon_core.environment:checking '/home/anish/ros2_mycobot_ws/install/mycobot_moveit_config_new/lib/python3.10/site-packages'
[0.448s] Level 1:colcon.colcon_core.environment:checking '/home/anish/ros2_mycobot_ws/install/mycobot_moveit_config_new/bin'
[0.449s] INFO:colcon.colcon_core.shell:Creating package script '/home/anish/ros2_mycobot_ws/install/mycobot_moveit_config_new/share/mycobot_moveit_config_new/package.ps1'
[0.449s] INFO:colcon.colcon_core.shell:Creating package descriptor '/home/anish/ros2_mycobot_ws/install/mycobot_moveit_config_new/share/mycobot_moveit_config_new/package.dsv'
[0.449s] INFO:colcon.colcon_core.shell:Creating package script '/home/anish/ros2_mycobot_ws/install/mycobot_moveit_config_new/share/mycobot_moveit_config_new/package.sh'
[0.449s] INFO:colcon.colcon_core.shell:Creating package script '/home/anish/ros2_mycobot_ws/install/mycobot_moveit_config_new/share/mycobot_moveit_config_new/package.bash'
[0.450s] INFO:colcon.colcon_core.shell:Creating package script '/home/anish/ros2_mycobot_ws/install/mycobot_moveit_config_new/share/mycobot_moveit_config_new/package.zsh'
[0.450s] Level 1:colcon.colcon_core.environment:create_file_with_runtime_dependencies(/home/anish/ros2_mycobot_ws/install/mycobot_moveit_config_new/share/colcon-core/packages/mycobot_moveit_config_new)
[0.450s] Level 1:colcon.colcon_core.environment:create_environment_scripts_only(mycobot_moveit_config_new)
[0.450s] Level 1:colcon.colcon_core.environment:checking '/home/anish/ros2_mycobot_ws/install/mycobot_moveit_config_new' for CMake module files
[0.450s] Level 1:colcon.colcon_core.environment:checking '/home/anish/ros2_mycobot_ws/install/mycobot_moveit_config_new' for CMake config files
[0.450s] Level 1:colcon.colcon_core.shell:create_environment_hook('mycobot_moveit_config_new', 'cmake_prefix_path')
[0.451s] INFO:colcon.colcon_core.shell:Creating environment hook '/home/anish/ros2_mycobot_ws/install/mycobot_moveit_config_new/share/mycobot_moveit_config_new/hook/cmake_prefix_path.ps1'
[0.451s] INFO:colcon.colcon_core.shell:Creating environment descriptor '/home/anish/ros2_mycobot_ws/install/mycobot_moveit_config_new/share/mycobot_moveit_config_new/hook/cmake_prefix_path.dsv'
[0.451s] INFO:colcon.colcon_core.shell:Creating environment hook '/home/anish/ros2_mycobot_ws/install/mycobot_moveit_config_new/share/mycobot_moveit_config_new/hook/cmake_prefix_path.sh'
[0.451s] Level 1:colcon.colcon_core.environment:checking '/home/anish/ros2_mycobot_ws/install/mycobot_moveit_config_new/bin'
[0.451s] Level 1:colcon.colcon_core.environment:checking '/home/anish/ros2_mycobot_ws/install/mycobot_moveit_config_new/lib/pkgconfig/mycobot_moveit_config_new.pc'
[0.451s] Level 1:colcon.colcon_core.environment:checking '/home/anish/ros2_mycobot_ws/install/mycobot_moveit_config_new/lib/python3.10/site-packages'
[0.452s] Level 1:colcon.colcon_core.environment:checking '/home/anish/ros2_mycobot_ws/install/mycobot_moveit_config_new/bin'
[0.452s] INFO:colcon.colcon_core.shell:Creating package script '/home/anish/ros2_mycobot_ws/install/mycobot_moveit_config_new/share/mycobot_moveit_config_new/package.ps1'
[0.452s] INFO:colcon.colcon_core.shell:Creating package descriptor '/home/anish/ros2_mycobot_ws/install/mycobot_moveit_config_new/share/mycobot_moveit_config_new/package.dsv'
[0.452s] INFO:colcon.colcon_core.shell:Creating package script '/home/anish/ros2_mycobot_ws/install/mycobot_moveit_config_new/share/mycobot_moveit_config_new/package.sh'
[0.452s] INFO:colcon.colcon_core.shell:Creating package script '/home/anish/ros2_mycobot_ws/install/mycobot_moveit_config_new/share/mycobot_moveit_config_new/package.bash'
[0.453s] INFO:colcon.colcon_core.shell:Creating package script '/home/anish/ros2_mycobot_ws/install/mycobot_moveit_config_new/share/mycobot_moveit_config_new/package.zsh'
[0.453s] Level 1:colcon.colcon_core.environment:create_file_with_runtime_dependencies(/home/anish/ros2_mycobot_ws/install/mycobot_moveit_config_new/share/colcon-core/packages/mycobot_moveit_config_new)
[0.453s] DEBUG:colcon.colcon_parallel_executor.executor.parallel:closing loop
[0.453s] DEBUG:colcon.colcon_parallel_executor.executor.parallel:loop closed
[0.453s] DEBUG:colcon.colcon_parallel_executor.executor.parallel:run_until_complete finished with '0'
[0.453s] DEBUG:colcon.colcon_core.event_reactor:joining thread
[0.456s] INFO:colcon.colcon_core.plugin_system:Skipping extension 'colcon_notification.desktop_notification.terminal_notifier': Not used on non-Darwin systems
[0.456s] INFO:colcon.colcon_core.plugin_system:Skipping extension 'colcon_notification.desktop_notification.win32': Not used on non-Windows systems
[0.456s] INFO:colcon.colcon_notification.desktop_notification:Sending desktop notification using 'notify2'
[0.463s] DEBUG:colcon.colcon_core.event_reactor:joined thread
[0.463s] INFO:colcon.colcon_core.shell:Creating prefix script '/home/anish/ros2_mycobot_ws/install/local_setup.ps1'
[0.464s] INFO:colcon.colcon_core.shell:Creating prefix util module '/home/anish/ros2_mycobot_ws/install/_local_setup_util_ps1.py'
[0.465s] INFO:colcon.colcon_core.shell:Creating prefix chain script '/home/anish/ros2_mycobot_ws/install/setup.ps1'
[0.466s] INFO:colcon.colcon_core.shell:Creating prefix script '/home/anish/ros2_mycobot_ws/install/local_setup.sh'
[0.466s] INFO:colcon.colcon_core.shell:Creating prefix util module '/home/anish/ros2_mycobot_ws/install/_local_setup_util_sh.py'
[0.466s] INFO:colcon.colcon_core.shell:Creating prefix chain script '/home/anish/ros2_mycobot_ws/install/setup.sh'
[0.467s] INFO:colcon.colcon_core.shell:Creating prefix script '/home/anish/ros2_mycobot_ws/install/local_setup.bash'
[0.468s] INFO:colcon.colcon_core.shell:Creating prefix chain script '/home/anish/ros2_mycobot_ws/install/setup.bash'
[0.469s] INFO:colcon.colcon_core.shell:Creating prefix script '/home/anish/ros2_mycobot_ws/install/local_setup.zsh'
[0.469s] INFO:colcon.colcon_core.shell:Creating prefix chain script '/home/anish/ros2_mycobot_ws/install/setup.zsh'
