[0.057s] DEBUG:colcon:Command line arguments: ['/usr/bin/colcon', 'build']
[0.057s] DEBUG:colcon:Parsed command line arguments: Namespace(log_base=None, log_level=None, verb_name='build', build_base='build', install_base='install', merge_install=False, symlink_install=False, test_result_base=None, continue_on_error=False, executor='parallel', parallel_workers=16, event_handlers=None, ignore_user_meta=False, metas=['./colcon.meta'], base_paths=['.'], packages_ignore=None, packages_ignore_regex=None, paths=None, packages_up_to=None, packages_up_to_regex=None, packages_above=None, packages_above_and_dependencies=None, packages_above_depth=None, packages_select_by_dep=None, packages_skip_by_dep=None, packages_skip_up_to=None, packages_select_build_failed=False, packages_skip_build_finished=False, packages_select_test_failures=False, packages_skip_test_passed=False, packages_select=None, packages_skip=None, packages_select_regex=None, packages_skip_regex=None, packages_start=None, packages_end=None, allow_overriding=[], cmake_args=None, cmake_target=None, cmake_target_skip_unavailable=False, cmake_clean_cache=False, cmake_clean_first=False, cmake_force_configure=False, ament_cmake_args=None, catkin_cmake_args=None, catkin_skip_building_tests=False, verb_parser=<colcon_defaults.argument_parser.defaults.DefaultArgumentsDecorator object at 0x761183d5ca90>, verb_extension=<colcon_core.verb.build.BuildVerb object at 0x761183ece0b0>, main=<bound method BuildVerb.main of <colcon_core.verb.build.BuildVerb object at 0x761183ece0b0>>)
[0.195s] Level 1:colcon.colcon_core.package_discovery:discover_packages(colcon_meta) check parameters
[0.195s] Level 1:colcon.colcon_core.package_discovery:discover_packages(recursive) check parameters
[0.195s] Level 1:colcon.colcon_core.package_discovery:discover_packages(ignore) check parameters
[0.195s] Level 1:colcon.colcon_core.package_discovery:discover_packages(path) check parameters
[0.195s] Level 1:colcon.colcon_core.package_discovery:discover_packages(colcon_meta) discover
[0.195s] Level 1:colcon.colcon_core.package_discovery:discover_packages(recursive) discover
[0.196s] INFO:colcon.colcon_core.package_discovery:Crawling recursively for packages in '/home/anish/ros2_mycobot_ws'
[0.196s] Level 1:colcon.colcon_core.package_identification:_identify(.) by extensions ['ignore', 'ignore_ament_install']
[0.196s] Level 1:colcon.colcon_core.package_identification:_identify(.) by extension 'ignore'
[0.196s] Level 1:colcon.colcon_core.package_identification:_identify(.) by extension 'ignore_ament_install'
[0.196s] Level 1:colcon.colcon_core.package_identification:_identify(.) by extensions ['colcon_pkg']
[0.196s] Level 1:colcon.colcon_core.package_identification:_identify(.) by extension 'colcon_pkg'
[0.196s] Level 1:colcon.colcon_core.package_identification:_identify(.) by extensions ['colcon_meta']
[0.196s] Level 1:colcon.colcon_core.package_identification:_identify(.) by extension 'colcon_meta'
[0.196s] Level 1:colcon.colcon_core.package_identification:_identify(.) by extensions ['ros']
[0.196s] Level 1:colcon.colcon_core.package_identification:_identify(.) by extension 'ros'
[0.205s] Level 1:colcon.colcon_core.package_identification:_identify(.) by extensions ['cmake', 'python']
[0.206s] Level 1:colcon.colcon_core.package_identification:_identify(.) by extension 'cmake'
[0.206s] Level 1:colcon.colcon_core.package_identification:_identify(.) by extension 'python'
[0.206s] Level 1:colcon.colcon_core.package_identification:_identify(.) by extensions ['python_setup_py']
[0.206s] Level 1:colcon.colcon_core.package_identification:_identify(.) by extension 'python_setup_py'
[0.206s] Level 1:colcon.colcon_core.package_identification:_identify(build) by extensions ['ignore', 'ignore_ament_install']
[0.206s] Level 1:colcon.colcon_core.package_identification:_identify(build) by extension 'ignore'
[0.206s] Level 1:colcon.colcon_core.package_identification:_identify(build) ignored
[0.206s] Level 1:colcon.colcon_core.package_identification:_identify(install) by extensions ['ignore', 'ignore_ament_install']
[0.206s] Level 1:colcon.colcon_core.package_identification:_identify(install) by extension 'ignore'
[0.206s] Level 1:colcon.colcon_core.package_identification:_identify(install) ignored
[0.206s] Level 1:colcon.colcon_core.package_identification:_identify(log) by extensions ['ignore', 'ignore_ament_install']
[0.206s] Level 1:colcon.colcon_core.package_identification:_identify(log) by extension 'ignore'
[0.206s] Level 1:colcon.colcon_core.package_identification:_identify(log) ignored
[0.206s] Level 1:colcon.colcon_core.package_identification:_identify(src) by extensions ['ignore', 'ignore_ament_install']
[0.206s] Level 1:colcon.colcon_core.package_identification:_identify(src) by extension 'ignore'
[0.206s] Level 1:colcon.colcon_core.package_identification:_identify(src) by extension 'ignore_ament_install'
[0.206s] Level 1:colcon.colcon_core.package_identification:_identify(src) by extensions ['colcon_pkg']
[0.206s] Level 1:colcon.colcon_core.package_identification:_identify(src) by extension 'colcon_pkg'
[0.206s] Level 1:colcon.colcon_core.package_identification:_identify(src) by extensions ['colcon_meta']
[0.206s] Level 1:colcon.colcon_core.package_identification:_identify(src) by extension 'colcon_meta'
[0.206s] Level 1:colcon.colcon_core.package_identification:_identify(src) by extensions ['ros']
[0.206s] Level 1:colcon.colcon_core.package_identification:_identify(src) by extension 'ros'
[0.206s] Level 1:colcon.colcon_core.package_identification:_identify(src) by extensions ['cmake', 'python']
[0.206s] Level 1:colcon.colcon_core.package_identification:_identify(src) by extension 'cmake'
[0.206s] Level 1:colcon.colcon_core.package_identification:_identify(src) by extension 'python'
[0.206s] Level 1:colcon.colcon_core.package_identification:_identify(src) by extensions ['python_setup_py']
[0.206s] Level 1:colcon.colcon_core.package_identification:_identify(src) by extension 'python_setup_py'
[0.206s] Level 1:colcon.colcon_core.package_identification:_identify(src/gazebo) by extensions ['ignore', 'ignore_ament_install']
[0.206s] Level 1:colcon.colcon_core.package_identification:_identify(src/gazebo) by extension 'ignore'
[0.206s] Level 1:colcon.colcon_core.package_identification:_identify(src/gazebo) by extension 'ignore_ament_install'
[0.206s] Level 1:colcon.colcon_core.package_identification:_identify(src/gazebo) by extensions ['colcon_pkg']
[0.206s] Level 1:colcon.colcon_core.package_identification:_identify(src/gazebo) by extension 'colcon_pkg'
[0.206s] Level 1:colcon.colcon_core.package_identification:_identify(src/gazebo) by extensions ['colcon_meta']
[0.206s] Level 1:colcon.colcon_core.package_identification:_identify(src/gazebo) by extension 'colcon_meta'
[0.206s] Level 1:colcon.colcon_core.package_identification:_identify(src/gazebo) by extensions ['ros']
[0.206s] Level 1:colcon.colcon_core.package_identification:_identify(src/gazebo) by extension 'ros'
[0.208s] DEBUG:colcon.colcon_core.package_identification:Package 'src/gazebo' with type 'ros.ament_cmake' and name 'gazebo'
[0.208s] Level 1:colcon.colcon_core.package_identification:_identify(src/mycobot_description) by extensions ['ignore', 'ignore_ament_install']
[0.208s] Level 1:colcon.colcon_core.package_identification:_identify(src/mycobot_description) by extension 'ignore'
[0.208s] Level 1:colcon.colcon_core.package_identification:_identify(src/mycobot_description) by extension 'ignore_ament_install'
[0.208s] Level 1:colcon.colcon_core.package_identification:_identify(src/mycobot_description) by extensions ['colcon_pkg']
[0.208s] Level 1:colcon.colcon_core.package_identification:_identify(src/mycobot_description) by extension 'colcon_pkg'
[0.208s] Level 1:colcon.colcon_core.package_identification:_identify(src/mycobot_description) by extensions ['colcon_meta']
[0.208s] Level 1:colcon.colcon_core.package_identification:_identify(src/mycobot_description) by extension 'colcon_meta'
[0.208s] Level 1:colcon.colcon_core.package_identification:_identify(src/mycobot_description) by extensions ['ros']
[0.208s] Level 1:colcon.colcon_core.package_identification:_identify(src/mycobot_description) by extension 'ros'
[0.209s] DEBUG:colcon.colcon_core.package_identification:Package 'src/mycobot_description' with type 'ros.ament_cmake' and name 'mycobot_description'
[0.209s] Level 1:colcon.colcon_core.package_identification:_identify(src/mycobot_moveit_config_new) by extensions ['ignore', 'ignore_ament_install']
[0.209s] Level 1:colcon.colcon_core.package_identification:_identify(src/mycobot_moveit_config_new) by extension 'ignore'
[0.209s] Level 1:colcon.colcon_core.package_identification:_identify(src/mycobot_moveit_config_new) by extension 'ignore_ament_install'
[0.209s] Level 1:colcon.colcon_core.package_identification:_identify(src/mycobot_moveit_config_new) by extensions ['colcon_pkg']
[0.209s] Level 1:colcon.colcon_core.package_identification:_identify(src/mycobot_moveit_config_new) by extension 'colcon_pkg'
[0.209s] Level 1:colcon.colcon_core.package_identification:_identify(src/mycobot_moveit_config_new) by extensions ['colcon_meta']
[0.209s] Level 1:colcon.colcon_core.package_identification:_identify(src/mycobot_moveit_config_new) by extension 'colcon_meta'
[0.209s] Level 1:colcon.colcon_core.package_identification:_identify(src/mycobot_moveit_config_new) by extensions ['ros']
[0.209s] Level 1:colcon.colcon_core.package_identification:_identify(src/mycobot_moveit_config_new) by extension 'ros'
[0.210s] DEBUG:colcon.colcon_core.package_identification:Package 'src/mycobot_moveit_config_new' with type 'ros.ament_cmake' and name 'mycobot_moveit_config_new'
[0.210s] Level 1:colcon.colcon_core.package_discovery:discover_packages(recursive) using defaults
[0.210s] Level 1:colcon.colcon_core.package_discovery:discover_packages(ignore) discover
[0.210s] Level 1:colcon.colcon_core.package_discovery:discover_packages(ignore) using defaults
[0.210s] Level 1:colcon.colcon_core.package_discovery:discover_packages(path) discover
[0.210s] Level 1:colcon.colcon_core.package_discovery:discover_packages(path) using defaults
[0.231s] Level 1:colcon.colcon_core.package_discovery:discover_packages(prefix_path) check parameters
[0.231s] Level 1:colcon.colcon_core.package_discovery:discover_packages(prefix_path) discover
[0.234s] DEBUG:colcon.colcon_installed_package_information.package_discovery:Found 432 installed packages in /opt/ros/humble
[0.235s] Level 1:colcon.colcon_core.package_discovery:discover_packages(prefix_path) using defaults
[0.262s] Level 5:colcon.colcon_core.verb:set package 'gazebo' build argument 'cmake_args' from command line to 'None'
[0.262s] Level 5:colcon.colcon_core.verb:set package 'gazebo' build argument 'cmake_target' from command line to 'None'
[0.262s] Level 5:colcon.colcon_core.verb:set package 'gazebo' build argument 'cmake_target_skip_unavailable' from command line to 'False'
[0.262s] Level 5:colcon.colcon_core.verb:set package 'gazebo' build argument 'cmake_clean_cache' from command line to 'False'
[0.262s] Level 5:colcon.colcon_core.verb:set package 'gazebo' build argument 'cmake_clean_first' from command line to 'False'
[0.262s] Level 5:colcon.colcon_core.verb:set package 'gazebo' build argument 'cmake_force_configure' from command line to 'False'
[0.262s] Level 5:colcon.colcon_core.verb:set package 'gazebo' build argument 'ament_cmake_args' from command line to 'None'
[0.262s] Level 5:colcon.colcon_core.verb:set package 'gazebo' build argument 'catkin_cmake_args' from command line to 'None'
[0.262s] Level 5:colcon.colcon_core.verb:set package 'gazebo' build argument 'catkin_skip_building_tests' from command line to 'False'
[0.262s] DEBUG:colcon.colcon_core.verb:Building package 'gazebo' with the following arguments: {'ament_cmake_args': None, 'build_base': '/home/anish/ros2_mycobot_ws/build/gazebo', 'catkin_cmake_args': None, 'catkin_skip_building_tests': False, 'cmake_args': None, 'cmake_clean_cache': False, 'cmake_clean_first': False, 'cmake_force_configure': False, 'cmake_target': None, 'cmake_target_skip_unavailable': False, 'install_base': '/home/anish/ros2_mycobot_ws/install/gazebo', 'merge_install': False, 'path': '/home/anish/ros2_mycobot_ws/src/gazebo', 'symlink_install': False, 'test_result_base': None}
[0.262s] Level 5:colcon.colcon_core.verb:set package 'mycobot_description' build argument 'cmake_args' from command line to 'None'
[0.262s] Level 5:colcon.colcon_core.verb:set package 'mycobot_description' build argument 'cmake_target' from command line to 'None'
[0.262s] Level 5:colcon.colcon_core.verb:set package 'mycobot_description' build argument 'cmake_target_skip_unavailable' from command line to 'False'
[0.262s] Level 5:colcon.colcon_core.verb:set package 'mycobot_description' build argument 'cmake_clean_cache' from command line to 'False'
[0.262s] Level 5:colcon.colcon_core.verb:set package 'mycobot_description' build argument 'cmake_clean_first' from command line to 'False'
[0.262s] Level 5:colcon.colcon_core.verb:set package 'mycobot_description' build argument 'cmake_force_configure' from command line to 'False'
[0.262s] Level 5:colcon.colcon_core.verb:set package 'mycobot_description' build argument 'ament_cmake_args' from command line to 'None'
[0.262s] Level 5:colcon.colcon_core.verb:set package 'mycobot_description' build argument 'catkin_cmake_args' from command line to 'None'
[0.262s] Level 5:colcon.colcon_core.verb:set package 'mycobot_description' build argument 'catkin_skip_building_tests' from command line to 'False'
[0.262s] DEBUG:colcon.colcon_core.verb:Building package 'mycobot_description' with the following arguments: {'ament_cmake_args': None, 'build_base': '/home/anish/ros2_mycobot_ws/build/mycobot_description', 'catkin_cmake_args': None, 'catkin_skip_building_tests': False, 'cmake_args': None, 'cmake_clean_cache': False, 'cmake_clean_first': False, 'cmake_force_configure': False, 'cmake_target': None, 'cmake_target_skip_unavailable': False, 'install_base': '/home/anish/ros2_mycobot_ws/install/mycobot_description', 'merge_install': False, 'path': '/home/anish/ros2_mycobot_ws/src/mycobot_description', 'symlink_install': False, 'test_result_base': None}
[0.262s] Level 5:colcon.colcon_core.verb:set package 'mycobot_moveit_config_new' build argument 'cmake_args' from command line to 'None'
[0.262s] Level 5:colcon.colcon_core.verb:set package 'mycobot_moveit_config_new' build argument 'cmake_target' from command line to 'None'
[0.262s] Level 5:colcon.colcon_core.verb:set package 'mycobot_moveit_config_new' build argument 'cmake_target_skip_unavailable' from command line to 'False'
[0.262s] Level 5:colcon.colcon_core.verb:set package 'mycobot_moveit_config_new' build argument 'cmake_clean_cache' from command line to 'False'
[0.262s] Level 5:colcon.colcon_core.verb:set package 'mycobot_moveit_config_new' build argument 'cmake_clean_first' from command line to 'False'
[0.262s] Level 5:colcon.colcon_core.verb:set package 'mycobot_moveit_config_new' build argument 'cmake_force_configure' from command line to 'False'
[0.262s] Level 5:colcon.colcon_core.verb:set package 'mycobot_moveit_config_new' build argument 'ament_cmake_args' from command line to 'None'
[0.262s] Level 5:colcon.colcon_core.verb:set package 'mycobot_moveit_config_new' build argument 'catkin_cmake_args' from command line to 'None'
[0.262s] Level 5:colcon.colcon_core.verb:set package 'mycobot_moveit_config_new' build argument 'catkin_skip_building_tests' from command line to 'False'
[0.262s] DEBUG:colcon.colcon_core.verb:Building package 'mycobot_moveit_config_new' with the following arguments: {'ament_cmake_args': None, 'build_base': '/home/anish/ros2_mycobot_ws/build/mycobot_moveit_config_new', 'catkin_cmake_args': None, 'catkin_skip_building_tests': False, 'cmake_args': None, 'cmake_clean_cache': False, 'cmake_clean_first': False, 'cmake_force_configure': False, 'cmake_target': None, 'cmake_target_skip_unavailable': False, 'install_base': '/home/anish/ros2_mycobot_ws/install/mycobot_moveit_config_new', 'merge_install': False, 'path': '/home/anish/ros2_mycobot_ws/src/mycobot_moveit_config_new', 'symlink_install': False, 'test_result_base': None}
[0.263s] INFO:colcon.colcon_core.executor:Executing jobs using 'parallel' executor
[0.263s] DEBUG:colcon.colcon_parallel_executor.executor.parallel:run_until_complete
[0.264s] INFO:colcon.colcon_ros.task.ament_cmake.build:Building ROS package in '/home/anish/ros2_mycobot_ws/src/mycobot_description' with build type 'ament_cmake'
[0.264s] INFO:colcon.colcon_cmake.task.cmake.build:Building CMake package in '/home/anish/ros2_mycobot_ws/src/mycobot_description'
[0.267s] INFO:colcon.colcon_core.plugin_system:Skipping extension 'colcon_core.shell.bat': Not used on non-Windows systems
[0.267s] INFO:colcon.colcon_core.shell:Skip shell extension 'powershell' for command environment: Not usable outside of PowerShell
[0.267s] DEBUG:colcon.colcon_core.shell:Skip shell extension 'dsv' for command environment
[0.269s] INFO:colcon.colcon_ros.task.ament_cmake.build:Building ROS package in '/home/anish/ros2_mycobot_ws/src/gazebo' with build type 'ament_cmake'
[0.269s] INFO:colcon.colcon_cmake.task.cmake.build:Building CMake package in '/home/anish/ros2_mycobot_ws/src/gazebo'
[0.270s] INFO:colcon.colcon_core.shell:Skip shell extension 'powershell' for command environment: Not usable outside of PowerShell
[0.270s] DEBUG:colcon.colcon_core.shell:Skip shell extension 'dsv' for command environment
[0.274s] DEBUG:colcon.colcon_core.event_handler.log_command:Invoking command in '/home/anish/ros2_mycobot_ws/build/mycobot_description': CMAKE_PREFIX_PATH=/opt/ros/humble /usr/bin/cmake --build /home/anish/ros2_mycobot_ws/build/mycobot_description -- -j16 -l16
[0.281s] DEBUG:colcon.colcon_core.event_handler.log_command:Invoking command in '/home/anish/ros2_mycobot_ws/build/gazebo': CMAKE_PREFIX_PATH=/opt/ros/humble /usr/bin/cmake --build /home/anish/ros2_mycobot_ws/build/gazebo -- -j16 -l16
[0.316s] DEBUG:colcon.colcon_core.event_handler.log_command:Invoked command in '/home/anish/ros2_mycobot_ws/build/gazebo' returned '0': CMAKE_PREFIX_PATH=/opt/ros/humble /usr/bin/cmake --build /home/anish/ros2_mycobot_ws/build/gazebo -- -j16 -l16
[0.323s] DEBUG:colcon.colcon_core.event_handler.log_command:Invoking command in '/home/anish/ros2_mycobot_ws/build/gazebo': CMAKE_PREFIX_PATH=/opt/ros/humble /usr/bin/cmake --install /home/anish/ros2_mycobot_ws/build/gazebo
[0.324s] DEBUG:colcon.colcon_core.event_handler.log_command:Invoked command in '/home/anish/ros2_mycobot_ws/build/mycobot_description' returned '0': CMAKE_PREFIX_PATH=/opt/ros/humble /usr/bin/cmake --build /home/anish/ros2_mycobot_ws/build/mycobot_description -- -j16 -l16
[0.325s] DEBUG:colcon.colcon_core.event_handler.log_command:Invoking command in '/home/anish/ros2_mycobot_ws/build/mycobot_description': CMAKE_PREFIX_PATH=/opt/ros/humble /usr/bin/cmake --install /home/anish/ros2_mycobot_ws/build/mycobot_description
[0.332s] Level 1:colcon.colcon_core.environment:create_environment_scripts_only(gazebo)
[0.335s] DEBUG:colcon.colcon_core.event_handler.log_command:Invoked command in '/home/anish/ros2_mycobot_ws/build/gazebo' returned '0': CMAKE_PREFIX_PATH=/opt/ros/humble /usr/bin/cmake --install /home/anish/ros2_mycobot_ws/build/gazebo
[0.337s] Level 1:colcon.colcon_core.environment:checking '/home/anish/ros2_mycobot_ws/install/gazebo' for CMake module files
[0.338s] Level 1:colcon.colcon_core.environment:checking '/home/anish/ros2_mycobot_ws/install/gazebo' for CMake config files
[0.338s] Level 1:colcon.colcon_core.shell:create_environment_hook('gazebo', 'cmake_prefix_path')
[0.338s] INFO:colcon.colcon_core.shell:Creating environment hook '/home/anish/ros2_mycobot_ws/install/gazebo/share/gazebo/hook/cmake_prefix_path.ps1'
[0.339s] INFO:colcon.colcon_core.shell:Creating environment descriptor '/home/anish/ros2_mycobot_ws/install/gazebo/share/gazebo/hook/cmake_prefix_path.dsv'
[0.339s] INFO:colcon.colcon_core.shell:Creating environment hook '/home/anish/ros2_mycobot_ws/install/gazebo/share/gazebo/hook/cmake_prefix_path.sh'
[0.339s] Level 1:colcon.colcon_core.environment:checking '/home/anish/ros2_mycobot_ws/install/gazebo/bin'
[0.339s] Level 1:colcon.colcon_core.environment:checking '/home/anish/ros2_mycobot_ws/install/gazebo/lib/pkgconfig/gazebo.pc'
[0.340s] Level 1:colcon.colcon_core.environment:checking '/home/anish/ros2_mycobot_ws/install/gazebo/lib/python3.10/site-packages'
[0.340s] Level 1:colcon.colcon_core.environment:checking '/home/anish/ros2_mycobot_ws/install/gazebo/bin'
[0.340s] INFO:colcon.colcon_core.shell:Creating package script '/home/anish/ros2_mycobot_ws/install/gazebo/share/gazebo/package.ps1'
[0.340s] INFO:colcon.colcon_core.shell:Creating package descriptor '/home/anish/ros2_mycobot_ws/install/gazebo/share/gazebo/package.dsv'
[0.341s] INFO:colcon.colcon_core.shell:Creating package script '/home/anish/ros2_mycobot_ws/install/gazebo/share/gazebo/package.sh'
[0.341s] INFO:colcon.colcon_core.shell:Creating package script '/home/anish/ros2_mycobot_ws/install/gazebo/share/gazebo/package.bash'
[0.342s] INFO:colcon.colcon_core.shell:Creating package script '/home/anish/ros2_mycobot_ws/install/gazebo/share/gazebo/package.zsh'
[0.342s] Level 1:colcon.colcon_core.environment:create_file_with_runtime_dependencies(/home/anish/ros2_mycobot_ws/install/gazebo/share/colcon-core/packages/gazebo)
[0.342s] Level 1:colcon.colcon_core.environment:create_environment_scripts_only(gazebo)
[0.343s] Level 1:colcon.colcon_core.environment:checking '/home/anish/ros2_mycobot_ws/install/gazebo' for CMake module files
[0.343s] Level 1:colcon.colcon_core.environment:checking '/home/anish/ros2_mycobot_ws/install/gazebo' for CMake config files
[0.343s] Level 1:colcon.colcon_core.shell:create_environment_hook('gazebo', 'cmake_prefix_path')
[0.343s] INFO:colcon.colcon_core.shell:Creating environment hook '/home/anish/ros2_mycobot_ws/install/gazebo/share/gazebo/hook/cmake_prefix_path.ps1'
[0.343s] INFO:colcon.colcon_core.shell:Creating environment descriptor '/home/anish/ros2_mycobot_ws/install/gazebo/share/gazebo/hook/cmake_prefix_path.dsv'
[0.343s] INFO:colcon.colcon_core.shell:Creating environment hook '/home/anish/ros2_mycobot_ws/install/gazebo/share/gazebo/hook/cmake_prefix_path.sh'
[0.344s] Level 1:colcon.colcon_core.environment:checking '/home/anish/ros2_mycobot_ws/install/gazebo/bin'
[0.344s] Level 1:colcon.colcon_core.environment:checking '/home/anish/ros2_mycobot_ws/install/gazebo/lib/pkgconfig/gazebo.pc'
[0.344s] Level 1:colcon.colcon_core.environment:checking '/home/anish/ros2_mycobot_ws/install/gazebo/lib/python3.10/site-packages'
[0.344s] Level 1:colcon.colcon_core.environment:checking '/home/anish/ros2_mycobot_ws/install/gazebo/bin'
[0.344s] INFO:colcon.colcon_core.shell:Creating package script '/home/anish/ros2_mycobot_ws/install/gazebo/share/gazebo/package.ps1'
[0.344s] INFO:colcon.colcon_core.shell:Creating package descriptor '/home/anish/ros2_mycobot_ws/install/gazebo/share/gazebo/package.dsv'
[0.345s] INFO:colcon.colcon_core.shell:Creating package script '/home/anish/ros2_mycobot_ws/install/gazebo/share/gazebo/package.sh'
[0.345s] INFO:colcon.colcon_core.shell:Creating package script '/home/anish/ros2_mycobot_ws/install/gazebo/share/gazebo/package.bash'
[0.345s] INFO:colcon.colcon_core.shell:Creating package script '/home/anish/ros2_mycobot_ws/install/gazebo/share/gazebo/package.zsh'
[0.345s] Level 1:colcon.colcon_core.environment:create_file_with_runtime_dependencies(/home/anish/ros2_mycobot_ws/install/gazebo/share/colcon-core/packages/gazebo)
[0.346s] Level 1:colcon.colcon_core.environment:create_environment_scripts_only(mycobot_description)
[0.346s] Level 1:colcon.colcon_core.environment:checking '/home/anish/ros2_mycobot_ws/install/mycobot_description' for CMake module files
[0.347s] DEBUG:colcon.colcon_core.event_handler.log_command:Invoked command in '/home/anish/ros2_mycobot_ws/build/mycobot_description' returned '0': CMAKE_PREFIX_PATH=/opt/ros/humble /usr/bin/cmake --install /home/anish/ros2_mycobot_ws/build/mycobot_description
[0.347s] Level 1:colcon.colcon_core.environment:checking '/home/anish/ros2_mycobot_ws/install/mycobot_description' for CMake config files
[0.347s] Level 1:colcon.colcon_core.shell:create_environment_hook('mycobot_description', 'cmake_prefix_path')
[0.347s] INFO:colcon.colcon_core.shell:Creating environment hook '/home/anish/ros2_mycobot_ws/install/mycobot_description/share/mycobot_description/hook/cmake_prefix_path.ps1'
[0.348s] INFO:colcon.colcon_core.shell:Creating environment descriptor '/home/anish/ros2_mycobot_ws/install/mycobot_description/share/mycobot_description/hook/cmake_prefix_path.dsv'
[0.348s] INFO:colcon.colcon_core.shell:Creating environment hook '/home/anish/ros2_mycobot_ws/install/mycobot_description/share/mycobot_description/hook/cmake_prefix_path.sh'
[0.349s] Level 1:colcon.colcon_core.environment:checking '/home/anish/ros2_mycobot_ws/install/mycobot_description/bin'
[0.349s] Level 1:colcon.colcon_core.environment:checking '/home/anish/ros2_mycobot_ws/install/mycobot_description/lib/pkgconfig/mycobot_description.pc'
[0.349s] Level 1:colcon.colcon_core.environment:checking '/home/anish/ros2_mycobot_ws/install/mycobot_description/lib/python3.10/site-packages'
[0.349s] Level 1:colcon.colcon_core.environment:checking '/home/anish/ros2_mycobot_ws/install/mycobot_description/bin'
[0.349s] INFO:colcon.colcon_core.shell:Creating package script '/home/anish/ros2_mycobot_ws/install/mycobot_description/share/mycobot_description/package.ps1'
[0.349s] INFO:colcon.colcon_core.shell:Creating package descriptor '/home/anish/ros2_mycobot_ws/install/mycobot_description/share/mycobot_description/package.dsv'
[0.350s] INFO:colcon.colcon_core.shell:Creating package script '/home/anish/ros2_mycobot_ws/install/mycobot_description/share/mycobot_description/package.sh'
[0.350s] INFO:colcon.colcon_core.shell:Creating package script '/home/anish/ros2_mycobot_ws/install/mycobot_description/share/mycobot_description/package.bash'
[0.350s] INFO:colcon.colcon_core.shell:Creating package script '/home/anish/ros2_mycobot_ws/install/mycobot_description/share/mycobot_description/package.zsh'
[0.350s] Level 1:colcon.colcon_core.environment:create_file_with_runtime_dependencies(/home/anish/ros2_mycobot_ws/install/mycobot_description/share/colcon-core/packages/mycobot_description)
[0.350s] Level 1:colcon.colcon_core.environment:create_environment_scripts_only(mycobot_description)
[0.351s] Level 1:colcon.colcon_core.environment:checking '/home/anish/ros2_mycobot_ws/install/mycobot_description' for CMake module files
[0.351s] Level 1:colcon.colcon_core.environment:checking '/home/anish/ros2_mycobot_ws/install/mycobot_description' for CMake config files
[0.351s] Level 1:colcon.colcon_core.shell:create_environment_hook('mycobot_description', 'cmake_prefix_path')
[0.351s] INFO:colcon.colcon_core.shell:Creating environment hook '/home/anish/ros2_mycobot_ws/install/mycobot_description/share/mycobot_description/hook/cmake_prefix_path.ps1'
[0.351s] INFO:colcon.colcon_core.shell:Creating environment descriptor '/home/anish/ros2_mycobot_ws/install/mycobot_description/share/mycobot_description/hook/cmake_prefix_path.dsv'
[0.351s] INFO:colcon.colcon_core.shell:Creating environment hook '/home/anish/ros2_mycobot_ws/install/mycobot_description/share/mycobot_description/hook/cmake_prefix_path.sh'
[0.352s] Level 1:colcon.colcon_core.environment:checking '/home/anish/ros2_mycobot_ws/install/mycobot_description/bin'
[0.352s] Level 1:colcon.colcon_core.environment:checking '/home/anish/ros2_mycobot_ws/install/mycobot_description/lib/pkgconfig/mycobot_description.pc'
[0.352s] Level 1:colcon.colcon_core.environment:checking '/home/anish/ros2_mycobot_ws/install/mycobot_description/lib/python3.10/site-packages'
[0.352s] Level 1:colcon.colcon_core.environment:checking '/home/anish/ros2_mycobot_ws/install/mycobot_description/bin'
[0.352s] INFO:colcon.colcon_core.shell:Creating package script '/home/anish/ros2_mycobot_ws/install/mycobot_description/share/mycobot_description/package.ps1'
[0.352s] INFO:colcon.colcon_core.shell:Creating package descriptor '/home/anish/ros2_mycobot_ws/install/mycobot_description/share/mycobot_description/package.dsv'
[0.353s] INFO:colcon.colcon_core.shell:Creating package script '/home/anish/ros2_mycobot_ws/install/mycobot_description/share/mycobot_description/package.sh'
[0.353s] INFO:colcon.colcon_core.shell:Creating package script '/home/anish/ros2_mycobot_ws/install/mycobot_description/share/mycobot_description/package.bash'
[0.353s] INFO:colcon.colcon_core.shell:Creating package script '/home/anish/ros2_mycobot_ws/install/mycobot_description/share/mycobot_description/package.zsh'
[0.353s] Level 1:colcon.colcon_core.environment:create_file_with_runtime_dependencies(/home/anish/ros2_mycobot_ws/install/mycobot_description/share/colcon-core/packages/mycobot_description)
[0.353s] INFO:colcon.colcon_ros.task.ament_cmake.build:Building ROS package in '/home/anish/ros2_mycobot_ws/src/mycobot_moveit_config_new' with build type 'ament_cmake'
[0.354s] INFO:colcon.colcon_cmake.task.cmake.build:Building CMake package in '/home/anish/ros2_mycobot_ws/src/mycobot_moveit_config_new'
[0.354s] INFO:colcon.colcon_core.shell:Skip shell extension 'powershell' for command environment: Not usable outside of PowerShell
[0.354s] DEBUG:colcon.colcon_core.shell:Skip shell extension 'dsv' for command environment
[0.363s] DEBUG:colcon.colcon_core.event_handler.log_command:Invoking command in '/home/anish/ros2_mycobot_ws/build/mycobot_moveit_config_new': AMENT_PREFIX_PATH=/home/anish/ros2_mycobot_ws/install/mycobot_description:${AMENT_PREFIX_PATH} CMAKE_PREFIX_PATH=/home/anish/ros2_mycobot_ws/install/mycobot_description:/opt/ros/humble /usr/bin/cmake --build /home/anish/ros2_mycobot_ws/build/mycobot_moveit_config_new -- -j16 -l16
[0.397s] DEBUG:colcon.colcon_core.event_handler.log_command:Invoked command in '/home/anish/ros2_mycobot_ws/build/mycobot_moveit_config_new' returned '0': AMENT_PREFIX_PATH=/home/anish/ros2_mycobot_ws/install/mycobot_description:${AMENT_PREFIX_PATH} CMAKE_PREFIX_PATH=/home/anish/ros2_mycobot_ws/install/mycobot_description:/opt/ros/humble /usr/bin/cmake --build /home/anish/ros2_mycobot_ws/build/mycobot_moveit_config_new -- -j16 -l16
[0.398s] DEBUG:colcon.colcon_core.event_handler.log_command:Invoking command in '/home/anish/ros2_mycobot_ws/build/mycobot_moveit_config_new': AMENT_PREFIX_PATH=/home/anish/ros2_mycobot_ws/install/mycobot_description:${AMENT_PREFIX_PATH} CMAKE_PREFIX_PATH=/home/anish/ros2_mycobot_ws/install/mycobot_description:/opt/ros/humble /usr/bin/cmake --install /home/anish/ros2_mycobot_ws/build/mycobot_moveit_config_new
[0.407s] Level 1:colcon.colcon_core.environment:create_environment_scripts_only(mycobot_moveit_config_new)
[0.408s] Level 1:colcon.colcon_core.environment:checking '/home/anish/ros2_mycobot_ws/install/mycobot_moveit_config_new' for CMake module files
[0.408s] DEBUG:colcon.colcon_core.event_handler.log_command:Invoked command in '/home/anish/ros2_mycobot_ws/build/mycobot_moveit_config_new' returned '0': AMENT_PREFIX_PATH=/home/anish/ros2_mycobot_ws/install/mycobot_description:${AMENT_PREFIX_PATH} CMAKE_PREFIX_PATH=/home/anish/ros2_mycobot_ws/install/mycobot_description:/opt/ros/humble /usr/bin/cmake --install /home/anish/ros2_mycobot_ws/build/mycobot_moveit_config_new
[0.408s] Level 1:colcon.colcon_core.environment:checking '/home/anish/ros2_mycobot_ws/install/mycobot_moveit_config_new' for CMake config files
[0.408s] Level 1:colcon.colcon_core.shell:create_environment_hook('mycobot_moveit_config_new', 'cmake_prefix_path')
[0.408s] INFO:colcon.colcon_core.shell:Creating environment hook '/home/anish/ros2_mycobot_ws/install/mycobot_moveit_config_new/share/mycobot_moveit_config_new/hook/cmake_prefix_path.ps1'
[0.408s] INFO:colcon.colcon_core.shell:Creating environment descriptor '/home/anish/ros2_mycobot_ws/install/mycobot_moveit_config_new/share/mycobot_moveit_config_new/hook/cmake_prefix_path.dsv'
[0.409s] INFO:colcon.colcon_core.shell:Creating environment hook '/home/anish/ros2_mycobot_ws/install/mycobot_moveit_config_new/share/mycobot_moveit_config_new/hook/cmake_prefix_path.sh'
[0.409s] Level 1:colcon.colcon_core.environment:checking '/home/anish/ros2_mycobot_ws/install/mycobot_moveit_config_new/bin'
[0.409s] Level 1:colcon.colcon_core.environment:checking '/home/anish/ros2_mycobot_ws/install/mycobot_moveit_config_new/lib/pkgconfig/mycobot_moveit_config_new.pc'
[0.409s] Level 1:colcon.colcon_core.environment:checking '/home/anish/ros2_mycobot_ws/install/mycobot_moveit_config_new/lib/python3.10/site-packages'
[0.409s] Level 1:colcon.colcon_core.environment:checking '/home/anish/ros2_mycobot_ws/install/mycobot_moveit_config_new/bin'
[0.409s] INFO:colcon.colcon_core.shell:Creating package script '/home/anish/ros2_mycobot_ws/install/mycobot_moveit_config_new/share/mycobot_moveit_config_new/package.ps1'
[0.410s] INFO:colcon.colcon_core.shell:Creating package descriptor '/home/anish/ros2_mycobot_ws/install/mycobot_moveit_config_new/share/mycobot_moveit_config_new/package.dsv'
[0.410s] INFO:colcon.colcon_core.shell:Creating package script '/home/anish/ros2_mycobot_ws/install/mycobot_moveit_config_new/share/mycobot_moveit_config_new/package.sh'
[0.410s] INFO:colcon.colcon_core.shell:Creating package script '/home/anish/ros2_mycobot_ws/install/mycobot_moveit_config_new/share/mycobot_moveit_config_new/package.bash'
[0.410s] INFO:colcon.colcon_core.shell:Creating package script '/home/anish/ros2_mycobot_ws/install/mycobot_moveit_config_new/share/mycobot_moveit_config_new/package.zsh'
[0.410s] Level 1:colcon.colcon_core.environment:create_file_with_runtime_dependencies(/home/anish/ros2_mycobot_ws/install/mycobot_moveit_config_new/share/colcon-core/packages/mycobot_moveit_config_new)
[0.411s] Level 1:colcon.colcon_core.environment:create_environment_scripts_only(mycobot_moveit_config_new)
[0.411s] Level 1:colcon.colcon_core.environment:checking '/home/anish/ros2_mycobot_ws/install/mycobot_moveit_config_new' for CMake module files
[0.411s] Level 1:colcon.colcon_core.environment:checking '/home/anish/ros2_mycobot_ws/install/mycobot_moveit_config_new' for CMake config files
[0.411s] Level 1:colcon.colcon_core.shell:create_environment_hook('mycobot_moveit_config_new', 'cmake_prefix_path')
[0.411s] INFO:colcon.colcon_core.shell:Creating environment hook '/home/anish/ros2_mycobot_ws/install/mycobot_moveit_config_new/share/mycobot_moveit_config_new/hook/cmake_prefix_path.ps1'
[0.411s] INFO:colcon.colcon_core.shell:Creating environment descriptor '/home/anish/ros2_mycobot_ws/install/mycobot_moveit_config_new/share/mycobot_moveit_config_new/hook/cmake_prefix_path.dsv'
[0.412s] INFO:colcon.colcon_core.shell:Creating environment hook '/home/anish/ros2_mycobot_ws/install/mycobot_moveit_config_new/share/mycobot_moveit_config_new/hook/cmake_prefix_path.sh'
[0.412s] Level 1:colcon.colcon_core.environment:checking '/home/anish/ros2_mycobot_ws/install/mycobot_moveit_config_new/bin'
[0.412s] Level 1:colcon.colcon_core.environment:checking '/home/anish/ros2_mycobot_ws/install/mycobot_moveit_config_new/lib/pkgconfig/mycobot_moveit_config_new.pc'
[0.412s] Level 1:colcon.colcon_core.environment:checking '/home/anish/ros2_mycobot_ws/install/mycobot_moveit_config_new/lib/python3.10/site-packages'
[0.412s] Level 1:colcon.colcon_core.environment:checking '/home/anish/ros2_mycobot_ws/install/mycobot_moveit_config_new/bin'
[0.412s] INFO:colcon.colcon_core.shell:Creating package script '/home/anish/ros2_mycobot_ws/install/mycobot_moveit_config_new/share/mycobot_moveit_config_new/package.ps1'
[0.413s] INFO:colcon.colcon_core.shell:Creating package descriptor '/home/anish/ros2_mycobot_ws/install/mycobot_moveit_config_new/share/mycobot_moveit_config_new/package.dsv'
[0.413s] INFO:colcon.colcon_core.shell:Creating package script '/home/anish/ros2_mycobot_ws/install/mycobot_moveit_config_new/share/mycobot_moveit_config_new/package.sh'
[0.413s] INFO:colcon.colcon_core.shell:Creating package script '/home/anish/ros2_mycobot_ws/install/mycobot_moveit_config_new/share/mycobot_moveit_config_new/package.bash'
[0.413s] INFO:colcon.colcon_core.shell:Creating package script '/home/anish/ros2_mycobot_ws/install/mycobot_moveit_config_new/share/mycobot_moveit_config_new/package.zsh'
[0.413s] Level 1:colcon.colcon_core.environment:create_file_with_runtime_dependencies(/home/anish/ros2_mycobot_ws/install/mycobot_moveit_config_new/share/colcon-core/packages/mycobot_moveit_config_new)
[0.414s] DEBUG:colcon.colcon_parallel_executor.executor.parallel:closing loop
[0.414s] DEBUG:colcon.colcon_parallel_executor.executor.parallel:loop closed
[0.414s] DEBUG:colcon.colcon_parallel_executor.executor.parallel:run_until_complete finished with '0'
[0.414s] DEBUG:colcon.colcon_core.event_reactor:joining thread
[0.418s] INFO:colcon.colcon_core.plugin_system:Skipping extension 'colcon_notification.desktop_notification.terminal_notifier': Not used on non-Darwin systems
[0.418s] INFO:colcon.colcon_core.plugin_system:Skipping extension 'colcon_notification.desktop_notification.win32': Not used on non-Windows systems
[0.418s] INFO:colcon.colcon_notification.desktop_notification:Sending desktop notification using 'notify2'
[0.426s] DEBUG:colcon.colcon_core.event_reactor:joined thread
[0.426s] INFO:colcon.colcon_core.shell:Creating prefix script '/home/anish/ros2_mycobot_ws/install/local_setup.ps1'
[0.427s] INFO:colcon.colcon_core.shell:Creating prefix util module '/home/anish/ros2_mycobot_ws/install/_local_setup_util_ps1.py'
[0.428s] INFO:colcon.colcon_core.shell:Creating prefix chain script '/home/anish/ros2_mycobot_ws/install/setup.ps1'
[0.428s] INFO:colcon.colcon_core.shell:Creating prefix script '/home/anish/ros2_mycobot_ws/install/local_setup.sh'
[0.429s] INFO:colcon.colcon_core.shell:Creating prefix util module '/home/anish/ros2_mycobot_ws/install/_local_setup_util_sh.py'
[0.429s] INFO:colcon.colcon_core.shell:Creating prefix chain script '/home/anish/ros2_mycobot_ws/install/setup.sh'
[0.430s] INFO:colcon.colcon_core.shell:Creating prefix script '/home/anish/ros2_mycobot_ws/install/local_setup.bash'
[0.430s] INFO:colcon.colcon_core.shell:Creating prefix chain script '/home/anish/ros2_mycobot_ws/install/setup.bash'
[0.431s] INFO:colcon.colcon_core.shell:Creating prefix script '/home/anish/ros2_mycobot_ws/install/local_setup.zsh'
[0.431s] INFO:colcon.colcon_core.shell:Creating prefix chain script '/home/anish/ros2_mycobot_ws/install/setup.zsh'
