[0.007s] Invoking command in '/home/anish/ros2_mycobot_ws/build/mycobot_moveit_config_new': CMAKE_PREFIX_PATH=/home/anish/ros2_mycobot_ws/install/mycobot_description:/home/anish/ros2_mycobot_ws/install/gazebo:/home/anish/ros2_mycobot_ws/install/mycobot_moveit_config_new:/opt/ros/humble /usr/bin/cmake /home/anish/ros2_mycobot_ws/src/mycobot_moveit_config_new -DCMAKE_INSTALL_PREFIX=/home/anish/ros2_mycobot_ws/install/mycobot_moveit_config_new
[0.050s] -- The C compiler identification is GNU 11.4.0
[0.090s] -- The CXX compiler identification is GNU 11.4.0
[0.095s] -- Detecting C compiler ABI info
[0.151s] -- Detecting C compiler ABI info - done
[0.157s] -- Check for working C compiler: /usr/bin/cc - skipped
[0.157s] -- Detecting C compile features
[0.157s] -- Detecting C compile features - done
[0.159s] -- Detecting CXX compiler ABI info
[0.222s] -- Detecting CXX compiler ABI info - done
[0.228s] -- Check for working CXX compiler: /usr/bin/c++ - skipped
[0.228s] -- Detecting CXX compile features
[0.228s] -- Detecting CXX compile features - done
[0.230s] -- Found ament_cmake: 1.3.11 (/opt/ros/humble/share/ament_cmake/cmake)
[0.330s] -- Found Python3: /usr/bin/python3 (found version "3.10.12") found components: Interpreter 
[0.435s] -- Configuring done
[0.437s] -- Generating done
[0.439s] -- Build files have been written to: /home/anish/ros2_mycobot_ws/build/mycobot_moveit_config_new
[0.445s] Invoked command in '/home/anish/ros2_mycobot_ws/build/mycobot_moveit_config_new' returned '0': CMAKE_PREFIX_PATH=/home/anish/ros2_mycobot_ws/install/mycobot_description:/home/anish/ros2_mycobot_ws/install/gazebo:/home/anish/ros2_mycobot_ws/install/mycobot_moveit_config_new:/opt/ros/humble /usr/bin/cmake /home/anish/ros2_mycobot_ws/src/mycobot_moveit_config_new -DCMAKE_INSTALL_PREFIX=/home/anish/ros2_mycobot_ws/install/mycobot_moveit_config_new
[0.446s] Invoking command in '/home/anish/ros2_mycobot_ws/build/mycobot_moveit_config_new': CMAKE_PREFIX_PATH=/home/anish/ros2_mycobot_ws/install/mycobot_description:/home/anish/ros2_mycobot_ws/install/gazebo:/home/anish/ros2_mycobot_ws/install/mycobot_moveit_config_new:/opt/ros/humble /usr/bin/cmake --build /home/anish/ros2_mycobot_ws/build/mycobot_moveit_config_new -- -j16 -l16
[0.479s] Invoked command in '/home/anish/ros2_mycobot_ws/build/mycobot_moveit_config_new' returned '0': CMAKE_PREFIX_PATH=/home/anish/ros2_mycobot_ws/install/mycobot_description:/home/anish/ros2_mycobot_ws/install/gazebo:/home/anish/ros2_mycobot_ws/install/mycobot_moveit_config_new:/opt/ros/humble /usr/bin/cmake --build /home/anish/ros2_mycobot_ws/build/mycobot_moveit_config_new -- -j16 -l16
[0.480s] Invoking command in '/home/anish/ros2_mycobot_ws/build/mycobot_moveit_config_new': CMAKE_PREFIX_PATH=/home/anish/ros2_mycobot_ws/install/mycobot_description:/home/anish/ros2_mycobot_ws/install/gazebo:/home/anish/ros2_mycobot_ws/install/mycobot_moveit_config_new:/opt/ros/humble /usr/bin/cmake --install /home/anish/ros2_mycobot_ws/build/mycobot_moveit_config_new
[0.487s] -- Install configuration: ""
[0.487s] -- Installing: /home/anish/ros2_mycobot_ws/install/mycobot_moveit_config_new/share/ament_index/resource_index/package_run_dependencies/mycobot_moveit_config_new
[0.487s] -- Installing: /home/anish/ros2_mycobot_ws/install/mycobot_moveit_config_new/share/ament_index/resource_index/parent_prefix_path/mycobot_moveit_config_new
[0.488s] -- Installing: /home/anish/ros2_mycobot_ws/install/mycobot_moveit_config_new/share/mycobot_moveit_config_new/environment/ament_prefix_path.sh
[0.488s] -- Installing: /home/anish/ros2_mycobot_ws/install/mycobot_moveit_config_new/share/mycobot_moveit_config_new/environment/ament_prefix_path.dsv
[0.488s] -- Installing: /home/anish/ros2_mycobot_ws/install/mycobot_moveit_config_new/share/mycobot_moveit_config_new/environment/path.sh
[0.488s] -- Installing: /home/anish/ros2_mycobot_ws/install/mycobot_moveit_config_new/share/mycobot_moveit_config_new/environment/path.dsv
[0.488s] -- Installing: /home/anish/ros2_mycobot_ws/install/mycobot_moveit_config_new/share/mycobot_moveit_config_new/local_setup.bash
[0.488s] -- Installing: /home/anish/ros2_mycobot_ws/install/mycobot_moveit_config_new/share/mycobot_moveit_config_new/local_setup.sh
[0.488s] -- Installing: /home/anish/ros2_mycobot_ws/install/mycobot_moveit_config_new/share/mycobot_moveit_config_new/local_setup.zsh
[0.488s] -- Installing: /home/anish/ros2_mycobot_ws/install/mycobot_moveit_config_new/share/mycobot_moveit_config_new/local_setup.dsv
[0.488s] -- Installing: /home/anish/ros2_mycobot_ws/install/mycobot_moveit_config_new/share/mycobot_moveit_config_new/package.dsv
[0.488s] -- Installing: /home/anish/ros2_mycobot_ws/install/mycobot_moveit_config_new/share/ament_index/resource_index/packages/mycobot_moveit_config_new
[0.489s] -- Installing: /home/anish/ros2_mycobot_ws/install/mycobot_moveit_config_new/share/mycobot_moveit_config_new/cmake/mycobot_moveit_config_newConfig.cmake
[0.489s] -- Installing: /home/anish/ros2_mycobot_ws/install/mycobot_moveit_config_new/share/mycobot_moveit_config_new/cmake/mycobot_moveit_config_newConfig-version.cmake
[0.489s] -- Installing: /home/anish/ros2_mycobot_ws/install/mycobot_moveit_config_new/share/mycobot_moveit_config_new/package.xml
[0.489s] -- Installing: /home/anish/ros2_mycobot_ws/install/mycobot_moveit_config_new/share/mycobot_moveit_config_new/launch
[0.489s] -- Installing: /home/anish/ros2_mycobot_ws/install/mycobot_moveit_config_new/share/mycobot_moveit_config_new/launch/setup_assistant.launch.py
[0.489s] -- Installing: /home/anish/ros2_mycobot_ws/install/mycobot_moveit_config_new/share/mycobot_moveit_config_new/launch/static_virtual_joint_tfs.launch.py
[0.489s] -- Installing: /home/anish/ros2_mycobot_ws/install/mycobot_moveit_config_new/share/mycobot_moveit_config_new/launch/rsp.launch.py
[0.489s] -- Installing: /home/anish/ros2_mycobot_ws/install/mycobot_moveit_config_new/share/mycobot_moveit_config_new/launch/move_group.launch.py
[0.489s] -- Installing: /home/anish/ros2_mycobot_ws/install/mycobot_moveit_config_new/share/mycobot_moveit_config_new/launch/spawn_controllers.launch.py
[0.489s] -- Installing: /home/anish/ros2_mycobot_ws/install/mycobot_moveit_config_new/share/mycobot_moveit_config_new/launch/demo.launch.py
[0.489s] -- Installing: /home/anish/ros2_mycobot_ws/install/mycobot_moveit_config_new/share/mycobot_moveit_config_new/launch/warehouse_db.launch.py
[0.489s] -- Installing: /home/anish/ros2_mycobot_ws/install/mycobot_moveit_config_new/share/mycobot_moveit_config_new/launch/moveit_rviz.launch.py
[0.489s] -- Installing: /home/anish/ros2_mycobot_ws/install/mycobot_moveit_config_new/share/mycobot_moveit_config_new/config
[0.489s] -- Installing: /home/anish/ros2_mycobot_ws/install/mycobot_moveit_config_new/share/mycobot_moveit_config_new/config/initial_positions.yaml
[0.489s] -- Installing: /home/anish/ros2_mycobot_ws/install/mycobot_moveit_config_new/share/mycobot_moveit_config_new/config/moveit_controllers.yaml
[0.490s] -- Installing: /home/anish/ros2_mycobot_ws/install/mycobot_moveit_config_new/share/mycobot_moveit_config_new/config/ompl_planning.yaml
[0.490s] -- Installing: /home/anish/ros2_mycobot_ws/install/mycobot_moveit_config_new/share/mycobot_moveit_config_new/config/joint_limits.yaml
[0.490s] -- Installing: /home/anish/ros2_mycobot_ws/install/mycobot_moveit_config_new/share/mycobot_moveit_config_new/config/sensors_3d.yaml
[0.490s] -- Installing: /home/anish/ros2_mycobot_ws/install/mycobot_moveit_config_new/share/mycobot_moveit_config_new/config/mycobot_280.srdf
[0.490s] -- Installing: /home/anish/ros2_mycobot_ws/install/mycobot_moveit_config_new/share/mycobot_moveit_config_new/config/moveit.rviz
[0.490s] -- Installing: /home/anish/ros2_mycobot_ws/install/mycobot_moveit_config_new/share/mycobot_moveit_config_new/config/ros2_controllers.yaml
[0.490s] -- Installing: /home/anish/ros2_mycobot_ws/install/mycobot_moveit_config_new/share/mycobot_moveit_config_new/config/mycobot_280.ros2_control.xacro
[0.490s] -- Installing: /home/anish/ros2_mycobot_ws/install/mycobot_moveit_config_new/share/mycobot_moveit_config_new/config/mycobot_280.urdf.xacro
[0.490s] -- Installing: /home/anish/ros2_mycobot_ws/install/mycobot_moveit_config_new/share/mycobot_moveit_config_new/config/kinematics.yaml
[0.490s] -- Installing: /home/anish/ros2_mycobot_ws/install/mycobot_moveit_config_new/share/mycobot_moveit_config_new/config/pilz_cartesian_limits.yaml
[0.490s] -- Up-to-date: /home/anish/ros2_mycobot_ws/install/mycobot_moveit_config_new/share/mycobot_moveit_config_new/config
[0.490s] -- Up-to-date: /home/anish/ros2_mycobot_ws/install/mycobot_moveit_config_new/share/mycobot_moveit_config_new/config/initial_positions.yaml
[0.490s] -- Up-to-date: /home/anish/ros2_mycobot_ws/install/mycobot_moveit_config_new/share/mycobot_moveit_config_new/config/moveit_controllers.yaml
[0.490s] -- Up-to-date: /home/anish/ros2_mycobot_ws/install/mycobot_moveit_config_new/share/mycobot_moveit_config_new/config/ompl_planning.yaml
[0.491s] -- Up-to-date: /home/anish/ros2_mycobot_ws/install/mycobot_moveit_config_new/share/mycobot_moveit_config_new/config/joint_limits.yaml
[0.491s] -- Up-to-date: /home/anish/ros2_mycobot_ws/install/mycobot_moveit_config_new/share/mycobot_moveit_config_new/config/sensors_3d.yaml
[0.491s] -- Up-to-date: /home/anish/ros2_mycobot_ws/install/mycobot_moveit_config_new/share/mycobot_moveit_config_new/config/mycobot_280.srdf
[0.491s] -- Up-to-date: /home/anish/ros2_mycobot_ws/install/mycobot_moveit_config_new/share/mycobot_moveit_config_new/config/moveit.rviz
[0.491s] -- Up-to-date: /home/anish/ros2_mycobot_ws/install/mycobot_moveit_config_new/share/mycobot_moveit_config_new/config/ros2_controllers.yaml
[0.491s] -- Up-to-date: /home/anish/ros2_mycobot_ws/install/mycobot_moveit_config_new/share/mycobot_moveit_config_new/config/mycobot_280.ros2_control.xacro
[0.491s] -- Up-to-date: /home/anish/ros2_mycobot_ws/install/mycobot_moveit_config_new/share/mycobot_moveit_config_new/config/mycobot_280.urdf.xacro
[0.491s] -- Up-to-date: /home/anish/ros2_mycobot_ws/install/mycobot_moveit_config_new/share/mycobot_moveit_config_new/config/kinematics.yaml
[0.491s] -- Up-to-date: /home/anish/ros2_mycobot_ws/install/mycobot_moveit_config_new/share/mycobot_moveit_config_new/config/pilz_cartesian_limits.yaml
[0.491s] -- Installing: /home/anish/ros2_mycobot_ws/install/mycobot_moveit_config_new/share/mycobot_moveit_config_new/.setup_assistant
[0.493s] Invoked command in '/home/anish/ros2_mycobot_ws/build/mycobot_moveit_config_new' returned '0': CMAKE_PREFIX_PATH=/home/anish/ros2_mycobot_ws/install/mycobot_description:/home/anish/ros2_mycobot_ws/install/gazebo:/home/anish/ros2_mycobot_ws/install/mycobot_moveit_config_new:/opt/ros/humble /usr/bin/cmake --install /home/anish/ros2_mycobot_ws/build/mycobot_moveit_config_new
