[0.054s] DEBUG:colcon:Command line arguments: ['/usr/bin/colcon', 'build']
[0.054s] DEBUG:colcon:Parsed command line arguments: Namespace(log_base=None, log_level=None, verb_name='build', build_base='build', install_base='install', merge_install=False, symlink_install=False, test_result_base=None, continue_on_error=False, executor='parallel', parallel_workers=16, event_handlers=None, ignore_user_meta=False, metas=['./colcon.meta'], base_paths=['.'], packages_ignore=None, packages_ignore_regex=None, paths=None, packages_up_to=None, packages_up_to_regex=None, packages_above=None, packages_above_and_dependencies=None, packages_above_depth=None, packages_select_by_dep=None, packages_skip_by_dep=None, packages_skip_up_to=None, packages_select_build_failed=False, packages_skip_build_finished=False, packages_select_test_failures=False, packages_skip_test_passed=False, packages_select=None, packages_skip=None, packages_select_regex=None, packages_skip_regex=None, packages_start=None, packages_end=None, allow_overriding=[], cmake_args=None, cmake_target=None, cmake_target_skip_unavailable=False, cmake_clean_cache=False, cmake_clean_first=False, cmake_force_configure=False, ament_cmake_args=None, catkin_cmake_args=None, catkin_skip_building_tests=False, verb_parser=<colcon_defaults.argument_parser.defaults.DefaultArgumentsDecorator object at 0x7ff95811fdc0>, verb_extension=<colcon_core.verb.build.BuildVerb object at 0x7ff9582d1690>, main=<bound method BuildVerb.main of <colcon_core.verb.build.BuildVerb object at 0x7ff9582d1690>>)
[0.136s] Level 1:colcon.colcon_core.package_discovery:discover_packages(colcon_meta) check parameters
[0.136s] Level 1:colcon.colcon_core.package_discovery:discover_packages(recursive) check parameters
[0.136s] Level 1:colcon.colcon_core.package_discovery:discover_packages(ignore) check parameters
[0.136s] Level 1:colcon.colcon_core.package_discovery:discover_packages(path) check parameters
[0.136s] Level 1:colcon.colcon_core.package_discovery:discover_packages(colcon_meta) discover
[0.136s] Level 1:colcon.colcon_core.package_discovery:discover_packages(recursive) discover
[0.136s] INFO:colcon.colcon_core.package_discovery:Crawling recursively for packages in '/home/anish/ros2_mycobot_ws'
[0.136s] Level 1:colcon.colcon_core.package_identification:_identify(.) by extensions ['ignore', 'ignore_ament_install']
[0.137s] Level 1:colcon.colcon_core.package_identification:_identify(.) by extension 'ignore'
[0.137s] Level 1:colcon.colcon_core.package_identification:_identify(.) by extension 'ignore_ament_install'
[0.137s] Level 1:colcon.colcon_core.package_identification:_identify(.) by extensions ['colcon_pkg']
[0.137s] Level 1:colcon.colcon_core.package_identification:_identify(.) by extension 'colcon_pkg'
[0.137s] Level 1:colcon.colcon_core.package_identification:_identify(.) by extensions ['colcon_meta']
[0.137s] Level 1:colcon.colcon_core.package_identification:_identify(.) by extension 'colcon_meta'
[0.137s] Level 1:colcon.colcon_core.package_identification:_identify(.) by extensions ['ros']
[0.137s] Level 1:colcon.colcon_core.package_identification:_identify(.) by extension 'ros'
[0.143s] Level 1:colcon.colcon_core.package_identification:_identify(.) by extensions ['cmake', 'python']
[0.143s] Level 1:colcon.colcon_core.package_identification:_identify(.) by extension 'cmake'
[0.143s] Level 1:colcon.colcon_core.package_identification:_identify(.) by extension 'python'
[0.143s] Level 1:colcon.colcon_core.package_identification:_identify(.) by extensions ['python_setup_py']
[0.143s] Level 1:colcon.colcon_core.package_identification:_identify(.) by extension 'python_setup_py'
[0.143s] Level 1:colcon.colcon_core.package_identification:_identify(build) by extensions ['ignore', 'ignore_ament_install']
[0.143s] Level 1:colcon.colcon_core.package_identification:_identify(build) by extension 'ignore'
[0.143s] Level 1:colcon.colcon_core.package_identification:_identify(build) ignored
[0.143s] Level 1:colcon.colcon_core.package_identification:_identify(install) by extensions ['ignore', 'ignore_ament_install']
[0.143s] Level 1:colcon.colcon_core.package_identification:_identify(install) by extension 'ignore'
[0.143s] Level 1:colcon.colcon_core.package_identification:_identify(install) ignored
[0.143s] Level 1:colcon.colcon_core.package_identification:_identify(log) by extensions ['ignore', 'ignore_ament_install']
[0.143s] Level 1:colcon.colcon_core.package_identification:_identify(log) by extension 'ignore'
[0.143s] Level 1:colcon.colcon_core.package_identification:_identify(log) ignored
[0.143s] Level 1:colcon.colcon_core.package_identification:_identify(src) by extensions ['ignore', 'ignore_ament_install']
[0.143s] Level 1:colcon.colcon_core.package_identification:_identify(src) by extension 'ignore'
[0.143s] Level 1:colcon.colcon_core.package_identification:_identify(src) by extension 'ignore_ament_install'
[0.143s] Level 1:colcon.colcon_core.package_identification:_identify(src) by extensions ['colcon_pkg']
[0.143s] Level 1:colcon.colcon_core.package_identification:_identify(src) by extension 'colcon_pkg'
[0.143s] Level 1:colcon.colcon_core.package_identification:_identify(src) by extensions ['colcon_meta']
[0.143s] Level 1:colcon.colcon_core.package_identification:_identify(src) by extension 'colcon_meta'
[0.144s] Level 1:colcon.colcon_core.package_identification:_identify(src) by extensions ['ros']
[0.144s] Level 1:colcon.colcon_core.package_identification:_identify(src) by extension 'ros'
[0.144s] Level 1:colcon.colcon_core.package_identification:_identify(src) by extensions ['cmake', 'python']
[0.144s] Level 1:colcon.colcon_core.package_identification:_identify(src) by extension 'cmake'
[0.144s] Level 1:colcon.colcon_core.package_identification:_identify(src) by extension 'python'
[0.144s] Level 1:colcon.colcon_core.package_identification:_identify(src) by extensions ['python_setup_py']
[0.144s] Level 1:colcon.colcon_core.package_identification:_identify(src) by extension 'python_setup_py'
[0.144s] Level 1:colcon.colcon_core.package_identification:_identify(src/mycobot_description) by extensions ['ignore', 'ignore_ament_install']
[0.144s] Level 1:colcon.colcon_core.package_identification:_identify(src/mycobot_description) by extension 'ignore'
[0.144s] Level 1:colcon.colcon_core.package_identification:_identify(src/mycobot_description) by extension 'ignore_ament_install'
[0.144s] Level 1:colcon.colcon_core.package_identification:_identify(src/mycobot_description) by extensions ['colcon_pkg']
[0.144s] Level 1:colcon.colcon_core.package_identification:_identify(src/mycobot_description) by extension 'colcon_pkg'
[0.144s] Level 1:colcon.colcon_core.package_identification:_identify(src/mycobot_description) by extensions ['colcon_meta']
[0.144s] Level 1:colcon.colcon_core.package_identification:_identify(src/mycobot_description) by extension 'colcon_meta'
[0.144s] Level 1:colcon.colcon_core.package_identification:_identify(src/mycobot_description) by extensions ['ros']
[0.144s] Level 1:colcon.colcon_core.package_identification:_identify(src/mycobot_description) by extension 'ros'
[0.145s] DEBUG:colcon.colcon_core.package_identification:Package 'src/mycobot_description' with type 'ros.ament_cmake' and name 'mycobot_description'
[0.145s] Level 1:colcon.colcon_core.package_identification:_identify(src/mycobot_moveit_config_new) by extensions ['ignore', 'ignore_ament_install']
[0.145s] Level 1:colcon.colcon_core.package_identification:_identify(src/mycobot_moveit_config_new) by extension 'ignore'
[0.145s] Level 1:colcon.colcon_core.package_identification:_identify(src/mycobot_moveit_config_new) by extension 'ignore_ament_install'
[0.145s] Level 1:colcon.colcon_core.package_identification:_identify(src/mycobot_moveit_config_new) by extensions ['colcon_pkg']
[0.145s] Level 1:colcon.colcon_core.package_identification:_identify(src/mycobot_moveit_config_new) by extension 'colcon_pkg'
[0.145s] Level 1:colcon.colcon_core.package_identification:_identify(src/mycobot_moveit_config_new) by extensions ['colcon_meta']
[0.145s] Level 1:colcon.colcon_core.package_identification:_identify(src/mycobot_moveit_config_new) by extension 'colcon_meta'
[0.145s] Level 1:colcon.colcon_core.package_identification:_identify(src/mycobot_moveit_config_new) by extensions ['ros']
[0.145s] Level 1:colcon.colcon_core.package_identification:_identify(src/mycobot_moveit_config_new) by extension 'ros'
[0.146s] DEBUG:colcon.colcon_core.package_identification:Found ROS schema reference in package manifest in 'src/mycobot_moveit_config_new'
[0.146s] WARNING:colcon.colcon_core.package_identification:Failed to parse ROS package manifest in 'src/mycobot_moveit_config_new': Error(s) in package 'src/mycobot_moveit_config_new/package.xml':
Invalid email "" for person ""
Maintainers must have an email address
Invalid email "" for person ""
[0.146s] Level 1:colcon.colcon_core.package_identification:_identify(src/mycobot_moveit_config_new) by extensions ['cmake', 'python']
[0.146s] Level 1:colcon.colcon_core.package_identification:_identify(src/mycobot_moveit_config_new) by extension 'cmake'
[0.147s] Level 1:colcon.colcon_core.package_identification:_identify(src/mycobot_moveit_config_new) by extension 'python'
[0.147s] DEBUG:colcon.colcon_core.package_identification:Package 'src/mycobot_moveit_config_new' with type 'cmake' and name 'mycobot_moveit_config_new'
[0.147s] Level 1:colcon.colcon_core.package_discovery:discover_packages(recursive) using defaults
[0.147s] Level 1:colcon.colcon_core.package_discovery:discover_packages(ignore) discover
[0.147s] Level 1:colcon.colcon_core.package_discovery:discover_packages(ignore) using defaults
[0.147s] Level 1:colcon.colcon_core.package_discovery:discover_packages(path) discover
[0.147s] Level 1:colcon.colcon_core.package_discovery:discover_packages(path) using defaults
[0.166s] Level 1:colcon.colcon_core.package_discovery:discover_packages(prefix_path) check parameters
[0.166s] Level 1:colcon.colcon_core.package_discovery:discover_packages(prefix_path) discover
[0.167s] DEBUG:colcon.colcon_installed_package_information.package_discovery:Found 2 installed packages in /home/anish/ros2_mycobot_ws/install
[0.167s] DEBUG:colcon.colcon_installed_package_information.package_discovery:Found 0 installed packages in /home/anish/ros2_robot_ws/install
[0.168s] DEBUG:colcon.colcon_installed_package_information.package_discovery:Found 378 installed packages in /opt/ros/humble
[0.169s] Level 1:colcon.colcon_core.package_discovery:discover_packages(prefix_path) using defaults
[0.194s] Level 5:colcon.colcon_core.verb:set package 'mycobot_description' build argument 'cmake_args' from command line to 'None'
[0.194s] Level 5:colcon.colcon_core.verb:set package 'mycobot_description' build argument 'cmake_target' from command line to 'None'
[0.194s] Level 5:colcon.colcon_core.verb:set package 'mycobot_description' build argument 'cmake_target_skip_unavailable' from command line to 'False'
[0.194s] Level 5:colcon.colcon_core.verb:set package 'mycobot_description' build argument 'cmake_clean_cache' from command line to 'False'
[0.194s] Level 5:colcon.colcon_core.verb:set package 'mycobot_description' build argument 'cmake_clean_first' from command line to 'False'
[0.194s] Level 5:colcon.colcon_core.verb:set package 'mycobot_description' build argument 'cmake_force_configure' from command line to 'False'
[0.195s] Level 5:colcon.colcon_core.verb:set package 'mycobot_description' build argument 'ament_cmake_args' from command line to 'None'
[0.195s] Level 5:colcon.colcon_core.verb:set package 'mycobot_description' build argument 'catkin_cmake_args' from command line to 'None'
[0.195s] Level 5:colcon.colcon_core.verb:set package 'mycobot_description' build argument 'catkin_skip_building_tests' from command line to 'False'
[0.195s] DEBUG:colcon.colcon_core.verb:Building package 'mycobot_description' with the following arguments: {'ament_cmake_args': None, 'build_base': '/home/anish/ros2_mycobot_ws/build/mycobot_description', 'catkin_cmake_args': None, 'catkin_skip_building_tests': False, 'cmake_args': None, 'cmake_clean_cache': False, 'cmake_clean_first': False, 'cmake_force_configure': False, 'cmake_target': None, 'cmake_target_skip_unavailable': False, 'install_base': '/home/anish/ros2_mycobot_ws/install/mycobot_description', 'merge_install': False, 'path': '/home/anish/ros2_mycobot_ws/src/mycobot_description', 'symlink_install': False, 'test_result_base': None}
[0.195s] Level 5:colcon.colcon_core.verb:set package 'mycobot_moveit_config_new' build argument 'cmake_args' from command line to 'None'
[0.195s] Level 5:colcon.colcon_core.verb:set package 'mycobot_moveit_config_new' build argument 'cmake_target' from command line to 'None'
[0.195s] Level 5:colcon.colcon_core.verb:set package 'mycobot_moveit_config_new' build argument 'cmake_target_skip_unavailable' from command line to 'False'
[0.195s] Level 5:colcon.colcon_core.verb:set package 'mycobot_moveit_config_new' build argument 'cmake_clean_cache' from command line to 'False'
[0.195s] Level 5:colcon.colcon_core.verb:set package 'mycobot_moveit_config_new' build argument 'cmake_clean_first' from command line to 'False'
[0.195s] Level 5:colcon.colcon_core.verb:set package 'mycobot_moveit_config_new' build argument 'cmake_force_configure' from command line to 'False'
[0.195s] Level 5:colcon.colcon_core.verb:set package 'mycobot_moveit_config_new' build argument 'ament_cmake_args' from command line to 'None'
[0.195s] Level 5:colcon.colcon_core.verb:set package 'mycobot_moveit_config_new' build argument 'catkin_cmake_args' from command line to 'None'
[0.195s] Level 5:colcon.colcon_core.verb:set package 'mycobot_moveit_config_new' build argument 'catkin_skip_building_tests' from command line to 'False'
[0.195s] DEBUG:colcon.colcon_core.verb:Building package 'mycobot_moveit_config_new' with the following arguments: {'ament_cmake_args': None, 'build_base': '/home/anish/ros2_mycobot_ws/build/mycobot_moveit_config_new', 'catkin_cmake_args': None, 'catkin_skip_building_tests': False, 'cmake_args': None, 'cmake_clean_cache': False, 'cmake_clean_first': False, 'cmake_force_configure': False, 'cmake_target': None, 'cmake_target_skip_unavailable': False, 'install_base': '/home/anish/ros2_mycobot_ws/install/mycobot_moveit_config_new', 'merge_install': False, 'path': '/home/anish/ros2_mycobot_ws/src/mycobot_moveit_config_new', 'symlink_install': False, 'test_result_base': None}
[0.195s] INFO:colcon.colcon_core.executor:Executing jobs using 'parallel' executor
[0.196s] DEBUG:colcon.colcon_parallel_executor.executor.parallel:run_until_complete
[0.196s] INFO:colcon.colcon_ros.task.ament_cmake.build:Building ROS package in '/home/anish/ros2_mycobot_ws/src/mycobot_description' with build type 'ament_cmake'
[0.196s] INFO:colcon.colcon_cmake.task.cmake.build:Building CMake package in '/home/anish/ros2_mycobot_ws/src/mycobot_description'
[0.197s] INFO:colcon.colcon_core.plugin_system:Skipping extension 'colcon_core.shell.bat': Not used on non-Windows systems
[0.197s] INFO:colcon.colcon_core.shell:Skip shell extension 'powershell' for command environment: Not usable outside of PowerShell
[0.197s] DEBUG:colcon.colcon_core.shell:Skip shell extension 'dsv' for command environment
[0.200s] INFO:colcon.colcon_cmake.task.cmake.build:Building CMake package in '/home/anish/ros2_mycobot_ws/src/mycobot_moveit_config_new'
[0.200s] INFO:colcon.colcon_core.shell:Skip shell extension 'powershell' for command environment: Not usable outside of PowerShell
[0.200s] DEBUG:colcon.colcon_core.shell:Skip shell extension 'dsv' for command environment
[0.206s] DEBUG:colcon.colcon_core.event_handler.log_command:Invoking command in '/home/anish/ros2_mycobot_ws/build/mycobot_description': CMAKE_PREFIX_PATH=${CMAKE_PREFIX_PATH}:/opt/ros/humble /usr/bin/cmake --build /home/anish/ros2_mycobot_ws/build/mycobot_description -- -j16 -l16
[0.208s] DEBUG:colcon.colcon_core.event_handler.log_command:Invoking command in '/home/anish/ros2_mycobot_ws/build/mycobot_moveit_config_new': /usr/bin/cmake --build /home/anish/ros2_mycobot_ws/build/mycobot_moveit_config_new -- -j16 -l16
[0.235s] DEBUG:colcon.colcon_core.event_handler.log_command:Invoked command in '/home/anish/ros2_mycobot_ws/build/mycobot_description' returned '0': CMAKE_PREFIX_PATH=${CMAKE_PREFIX_PATH}:/opt/ros/humble /usr/bin/cmake --build /home/anish/ros2_mycobot_ws/build/mycobot_description -- -j16 -l16
[0.243s] DEBUG:colcon.colcon_core.event_handler.log_command:Invoking command in '/home/anish/ros2_mycobot_ws/build/mycobot_description': CMAKE_PREFIX_PATH=${CMAKE_PREFIX_PATH}:/opt/ros/humble /usr/bin/cmake --install /home/anish/ros2_mycobot_ws/build/mycobot_description
[0.252s] Level 1:colcon.colcon_core.environment:create_environment_scripts_only(mycobot_description)
[0.253s] DEBUG:colcon.colcon_core.event_handler.log_command:Invoked command in '/home/anish/ros2_mycobot_ws/build/mycobot_description' returned '0': CMAKE_PREFIX_PATH=${CMAKE_PREFIX_PATH}:/opt/ros/humble /usr/bin/cmake --install /home/anish/ros2_mycobot_ws/build/mycobot_description
[0.254s] Level 1:colcon.colcon_core.environment:checking '/home/anish/ros2_mycobot_ws/install/mycobot_description' for CMake module files
[0.255s] Level 1:colcon.colcon_core.environment:checking '/home/anish/ros2_mycobot_ws/install/mycobot_description' for CMake config files
[0.255s] Level 1:colcon.colcon_core.shell:create_environment_hook('mycobot_description', 'cmake_prefix_path')
[0.255s] INFO:colcon.colcon_core.shell:Creating environment hook '/home/anish/ros2_mycobot_ws/install/mycobot_description/share/mycobot_description/hook/cmake_prefix_path.ps1'
[0.255s] INFO:colcon.colcon_core.shell:Creating environment descriptor '/home/anish/ros2_mycobot_ws/install/mycobot_description/share/mycobot_description/hook/cmake_prefix_path.dsv'
[0.256s] INFO:colcon.colcon_core.shell:Creating environment hook '/home/anish/ros2_mycobot_ws/install/mycobot_description/share/mycobot_description/hook/cmake_prefix_path.sh'
[0.256s] Level 1:colcon.colcon_core.environment:checking '/home/anish/ros2_mycobot_ws/install/mycobot_description/bin'
[0.256s] Level 1:colcon.colcon_core.environment:checking '/home/anish/ros2_mycobot_ws/install/mycobot_description/lib/pkgconfig/mycobot_description.pc'
[0.256s] Level 1:colcon.colcon_core.environment:checking '/home/anish/ros2_mycobot_ws/install/mycobot_description/lib/python3.10/site-packages'
[0.257s] Level 1:colcon.colcon_core.environment:checking '/home/anish/ros2_mycobot_ws/install/mycobot_description/bin'
[0.257s] INFO:colcon.colcon_core.shell:Creating package script '/home/anish/ros2_mycobot_ws/install/mycobot_description/share/mycobot_description/package.ps1'
[0.257s] INFO:colcon.colcon_core.shell:Creating package descriptor '/home/anish/ros2_mycobot_ws/install/mycobot_description/share/mycobot_description/package.dsv'
[0.257s] INFO:colcon.colcon_core.shell:Creating package script '/home/anish/ros2_mycobot_ws/install/mycobot_description/share/mycobot_description/package.sh'
[0.258s] INFO:colcon.colcon_core.shell:Creating package script '/home/anish/ros2_mycobot_ws/install/mycobot_description/share/mycobot_description/package.bash'
[0.258s] INFO:colcon.colcon_core.shell:Creating package script '/home/anish/ros2_mycobot_ws/install/mycobot_description/share/mycobot_description/package.zsh'
[0.259s] Level 1:colcon.colcon_core.environment:create_file_with_runtime_dependencies(/home/anish/ros2_mycobot_ws/install/mycobot_description/share/colcon-core/packages/mycobot_description)
[0.259s] Level 1:colcon.colcon_core.environment:create_environment_scripts_only(mycobot_description)
[0.259s] Level 1:colcon.colcon_core.environment:checking '/home/anish/ros2_mycobot_ws/install/mycobot_description' for CMake module files
[0.259s] Level 1:colcon.colcon_core.environment:checking '/home/anish/ros2_mycobot_ws/install/mycobot_description' for CMake config files
[0.259s] Level 1:colcon.colcon_core.shell:create_environment_hook('mycobot_description', 'cmake_prefix_path')
[0.259s] INFO:colcon.colcon_core.shell:Creating environment hook '/home/anish/ros2_mycobot_ws/install/mycobot_description/share/mycobot_description/hook/cmake_prefix_path.ps1'
[0.260s] INFO:colcon.colcon_core.shell:Creating environment descriptor '/home/anish/ros2_mycobot_ws/install/mycobot_description/share/mycobot_description/hook/cmake_prefix_path.dsv'
[0.260s] INFO:colcon.colcon_core.shell:Creating environment hook '/home/anish/ros2_mycobot_ws/install/mycobot_description/share/mycobot_description/hook/cmake_prefix_path.sh'
[0.260s] Level 1:colcon.colcon_core.environment:checking '/home/anish/ros2_mycobot_ws/install/mycobot_description/bin'
[0.260s] Level 1:colcon.colcon_core.environment:checking '/home/anish/ros2_mycobot_ws/install/mycobot_description/lib/pkgconfig/mycobot_description.pc'
[0.260s] Level 1:colcon.colcon_core.environment:checking '/home/anish/ros2_mycobot_ws/install/mycobot_description/lib/python3.10/site-packages'
[0.260s] Level 1:colcon.colcon_core.environment:checking '/home/anish/ros2_mycobot_ws/install/mycobot_description/bin'
[0.261s] INFO:colcon.colcon_core.shell:Creating package script '/home/anish/ros2_mycobot_ws/install/mycobot_description/share/mycobot_description/package.ps1'
[0.261s] INFO:colcon.colcon_core.shell:Creating package descriptor '/home/anish/ros2_mycobot_ws/install/mycobot_description/share/mycobot_description/package.dsv'
[0.261s] INFO:colcon.colcon_core.shell:Creating package script '/home/anish/ros2_mycobot_ws/install/mycobot_description/share/mycobot_description/package.sh'
[0.261s] INFO:colcon.colcon_core.shell:Creating package script '/home/anish/ros2_mycobot_ws/install/mycobot_description/share/mycobot_description/package.bash'
[0.262s] INFO:colcon.colcon_core.shell:Creating package script '/home/anish/ros2_mycobot_ws/install/mycobot_description/share/mycobot_description/package.zsh'
[0.262s] Level 1:colcon.colcon_core.environment:create_file_with_runtime_dependencies(/home/anish/ros2_mycobot_ws/install/mycobot_description/share/colcon-core/packages/mycobot_description)
[0.376s] DEBUG:colcon.colcon_core.event_handler.log_command:Invoked command in '/home/anish/ros2_mycobot_ws/build/mycobot_moveit_config_new' returned '2': /usr/bin/cmake --build /home/anish/ros2_mycobot_ws/build/mycobot_moveit_config_new -- -j16 -l16
[0.386s] DEBUG:colcon.colcon_parallel_executor.executor.parallel:closing loop
[0.386s] DEBUG:colcon.colcon_parallel_executor.executor.parallel:loop closed
[0.386s] DEBUG:colcon.colcon_parallel_executor.executor.parallel:run_until_complete finished with '2'
[0.386s] DEBUG:colcon.colcon_core.event_reactor:joining thread
[0.390s] INFO:colcon.colcon_core.plugin_system:Skipping extension 'colcon_notification.desktop_notification.terminal_notifier': Not used on non-Darwin systems
[0.390s] INFO:colcon.colcon_core.plugin_system:Skipping extension 'colcon_notification.desktop_notification.win32': Not used on non-Windows systems
[0.390s] INFO:colcon.colcon_notification.desktop_notification:Sending desktop notification using 'notify2'
[0.398s] DEBUG:colcon.colcon_core.event_reactor:joined thread
[0.399s] INFO:colcon.colcon_core.shell:Creating prefix script '/home/anish/ros2_mycobot_ws/install/local_setup.ps1'
[0.400s] INFO:colcon.colcon_core.shell:Creating prefix util module '/home/anish/ros2_mycobot_ws/install/_local_setup_util_ps1.py'
[0.401s] INFO:colcon.colcon_core.shell:Creating prefix chain script '/home/anish/ros2_mycobot_ws/install/setup.ps1'
[0.401s] INFO:colcon.colcon_core.shell:Creating prefix script '/home/anish/ros2_mycobot_ws/install/local_setup.sh'
[0.402s] INFO:colcon.colcon_core.shell:Creating prefix util module '/home/anish/ros2_mycobot_ws/install/_local_setup_util_sh.py'
[0.402s] INFO:colcon.colcon_core.shell:Creating prefix chain script '/home/anish/ros2_mycobot_ws/install/setup.sh'
[0.403s] INFO:colcon.colcon_core.shell:Creating prefix script '/home/anish/ros2_mycobot_ws/install/local_setup.bash'
[0.403s] INFO:colcon.colcon_core.shell:Creating prefix chain script '/home/anish/ros2_mycobot_ws/install/setup.bash'
[0.404s] INFO:colcon.colcon_core.shell:Creating prefix script '/home/anish/ros2_mycobot_ws/install/local_setup.zsh'
[0.404s] INFO:colcon.colcon_core.shell:Creating prefix chain script '/home/anish/ros2_mycobot_ws/install/setup.zsh'
