[0.009s] Invoking command in '/home/anish/ros2_mycobot_ws/build/mycobot_description': CMAKE_PREFIX_PATH=${CMAKE_PREFIX_PATH}:/opt/ros/humble /usr/bin/cmake --build /home/anish/ros2_mycobot_ws/build/mycobot_description -- -j16 -l16
[0.048s] Invoked command in '/home/anish/ros2_mycobot_ws/build/mycobot_description' returned '0': CMAKE_PREFIX_PATH=${CMAKE_PREFIX_PATH}:/opt/ros/humble /usr/bin/cmake --build /home/anish/ros2_mycobot_ws/build/mycobot_description -- -j16 -l16
[0.056s] Invoking command in '/home/anish/ros2_mycobot_ws/build/mycobot_description': CMAKE_PREFIX_PATH=${CMAKE_PREFIX_PATH}:/opt/ros/humble /usr/bin/cmake --install /home/anish/ros2_mycobot_ws/build/mycobot_description
[0.061s] -- Install configuration: ""
[0.061s] -- Up-to-date: /home/anish/ros2_mycobot_ws/install/mycobot_description/share/mycobot_description/launch
[0.061s] -- Up-to-date: /home/anish/ros2_mycobot_ws/install/mycobot_description/share/mycobot_description/launch/display_mycobot.launch.py
[0.061s] -- Up-to-date: /home/anish/ros2_mycobot_ws/install/mycobot_description/share/mycobot_description/urdf
[0.061s] -- Up-to-date: /home/anish/ros2_mycobot_ws/install/mycobot_description/share/mycobot_description/urdf/mycobot_280_urdf.xacro
[0.062s] -- Up-to-date: /home/anish/ros2_mycobot_ws/install/mycobot_description/share/mycobot_description/urdf/adaptive_gripper.urdf.xacro
[0.062s] -- Up-to-date: /home/anish/ros2_mycobot_ws/install/mycobot_description/share/mycobot_description/urdf/mycobot_280_wrapper.xacro
[0.062s] -- Up-to-date: /home/anish/ros2_mycobot_ws/install/mycobot_description/share/mycobot_description/meshes
[0.062s] -- Up-to-date: /home/anish/ros2_mycobot_ws/install/mycobot_description/share/mycobot_description/meshes/your_robot
[0.062s] -- Up-to-date: /home/anish/ros2_mycobot_ws/install/mycobot_description/share/mycobot_description/meshes/your_robot/visual
[0.062s] -- Up-to-date: /home/anish/ros2_mycobot_ws/install/mycobot_description/share/mycobot_description/meshes/your_robot/visual/d435
[0.062s] -- Up-to-date: /home/anish/ros2_mycobot_ws/install/mycobot_description/share/mycobot_description/meshes/your_robot/visual/d435/visual
[0.062s] -- Up-to-date: /home/anish/ros2_mycobot_ws/install/mycobot_description/share/mycobot_description/meshes/your_robot/visual/d435/visual/d435.stl
[0.062s] -- Up-to-date: /home/anish/ros2_mycobot_ws/install/mycobot_description/share/mycobot_description/meshes/your_robot/visual/adaptive_gripper
[0.062s] -- Up-to-date: /home/anish/ros2_mycobot_ws/install/mycobot_description/share/mycobot_description/meshes/your_robot/visual/adaptive_gripper/visual
[0.062s] -- Up-to-date: /home/anish/ros2_mycobot_ws/install/mycobot_description/share/mycobot_description/meshes/your_robot/visual/adaptive_gripper/visual/gripper_right3.dae
[0.062s] -- Up-to-date: /home/anish/ros2_mycobot_ws/install/mycobot_description/share/mycobot_description/meshes/your_robot/visual/adaptive_gripper/visual/gripper_base.dae
[0.062s] -- Up-to-date: /home/anish/ros2_mycobot_ws/install/mycobot_description/share/mycobot_description/meshes/your_robot/visual/adaptive_gripper/visual/gripper_left2.dae
[0.062s] -- Up-to-date: /home/anish/ros2_mycobot_ws/install/mycobot_description/share/mycobot_description/meshes/your_robot/visual/adaptive_gripper/visual/gripper_left3.dae
[0.062s] -- Up-to-date: /home/anish/ros2_mycobot_ws/install/mycobot_description/share/mycobot_description/meshes/your_robot/visual/adaptive_gripper/visual/gripper_right1.dae
[0.062s] -- Up-to-date: /home/anish/ros2_mycobot_ws/install/mycobot_description/share/mycobot_description/meshes/your_robot/visual/adaptive_gripper/visual/gripper_left1.dae
[0.062s] -- Up-to-date: /home/anish/ros2_mycobot_ws/install/mycobot_description/share/mycobot_description/meshes/your_robot/visual/adaptive_gripper/visual/gripper_right2.dae
[0.062s] -- Up-to-date: /home/anish/ros2_mycobot_ws/install/mycobot_description/share/mycobot_description/meshes/your_robot/visual/mycobot_280
[0.063s] -- Up-to-date: /home/anish/ros2_mycobot_ws/install/mycobot_description/share/mycobot_description/meshes/your_robot/visual/mycobot_280/visual
[0.063s] -- Up-to-date: /home/anish/ros2_mycobot_ws/install/mycobot_description/share/mycobot_description/meshes/your_robot/visual/mycobot_280/visual/link1.png
[0.063s] -- Up-to-date: /home/anish/ros2_mycobot_ws/install/mycobot_description/share/mycobot_description/meshes/your_robot/visual/mycobot_280/visual/link4.png
[0.063s] -- Up-to-date: /home/anish/ros2_mycobot_ws/install/mycobot_description/share/mycobot_description/meshes/your_robot/visual/mycobot_280/visual/link7.png
[0.063s] -- Up-to-date: /home/anish/ros2_mycobot_ws/install/mycobot_description/share/mycobot_description/meshes/your_robot/visual/mycobot_280/visual/link2.png
[0.063s] -- Up-to-date: /home/anish/ros2_mycobot_ws/install/mycobot_description/share/mycobot_description/meshes/your_robot/visual/mycobot_280/visual/link5.dae
[0.063s] -- Up-to-date: /home/anish/ros2_mycobot_ws/install/mycobot_description/share/mycobot_description/meshes/your_robot/visual/mycobot_280/visual/link5.png
[0.063s] -- Up-to-date: /home/anish/ros2_mycobot_ws/install/mycobot_description/share/mycobot_description/meshes/your_robot/visual/mycobot_280/visual/link6.png
[0.063s] -- Up-to-date: /home/anish/ros2_mycobot_ws/install/mycobot_description/share/mycobot_description/meshes/your_robot/visual/mycobot_280/visual/link3.png
[0.063s] -- Up-to-date: /home/anish/ros2_mycobot_ws/install/mycobot_description/share/mycobot_description/meshes/your_robot/visual/mycobot_280/visual/link3.dae
[0.063s] -- Up-to-date: /home/anish/ros2_mycobot_ws/install/mycobot_description/share/mycobot_description/meshes/your_robot/visual/mycobot_280/visual/link1.dae
[0.063s] -- Up-to-date: /home/anish/ros2_mycobot_ws/install/mycobot_description/share/mycobot_description/meshes/your_robot/visual/mycobot_280/visual/link6.dae
[0.063s] -- Up-to-date: /home/anish/ros2_mycobot_ws/install/mycobot_description/share/mycobot_description/meshes/your_robot/visual/mycobot_280/visual/link2.dae
[0.063s] -- Up-to-date: /home/anish/ros2_mycobot_ws/install/mycobot_description/share/mycobot_description/meshes/your_robot/visual/mycobot_280/visual/link7.dae
[0.063s] -- Up-to-date: /home/anish/ros2_mycobot_ws/install/mycobot_description/share/mycobot_description/meshes/your_robot/visual/mycobot_280/visual/suit_env.dae
[0.063s] -- Up-to-date: /home/anish/ros2_mycobot_ws/install/mycobot_description/share/mycobot_description/meshes/your_robot/visual/mycobot_280/visual/link4.dae
[0.063s] -- Up-to-date: /home/anish/ros2_mycobot_ws/install/mycobot_description/share/mycobot_description/meshes/your_robot/visual/g_shape_base_v2_0
[0.063s] -- Up-to-date: /home/anish/ros2_mycobot_ws/install/mycobot_description/share/mycobot_description/meshes/your_robot/visual/g_shape_base_v2_0/visual
[0.063s] -- Up-to-date: /home/anish/ros2_mycobot_ws/install/mycobot_description/share/mycobot_description/meshes/your_robot/visual/g_shape_base_v2_0/visual/base_link.dae
[0.063s] -- Up-to-date: /home/anish/ros2_mycobot_ws/install/mycobot_description/share/mycobot_description/meshes/adaptive_gripper
[0.063s] -- Up-to-date: /home/anish/ros2_mycobot_ws/install/mycobot_description/share/mycobot_description/meshes/adaptive_gripper/visual
[0.063s] -- Up-to-date: /home/anish/ros2_mycobot_ws/install/mycobot_description/share/mycobot_description/meshes/adaptive_gripper/visual/gripper_right3.dae
[0.063s] -- Up-to-date: /home/anish/ros2_mycobot_ws/install/mycobot_description/share/mycobot_description/meshes/adaptive_gripper/visual/gripper_base.dae
[0.063s] -- Up-to-date: /home/anish/ros2_mycobot_ws/install/mycobot_description/share/mycobot_description/meshes/adaptive_gripper/visual/gripper_left2.dae
[0.063s] -- Up-to-date: /home/anish/ros2_mycobot_ws/install/mycobot_description/share/mycobot_description/meshes/adaptive_gripper/visual/gripper_left3.dae
[0.063s] -- Up-to-date: /home/anish/ros2_mycobot_ws/install/mycobot_description/share/mycobot_description/meshes/adaptive_gripper/visual/gripper_right1.dae
[0.063s] -- Up-to-date: /home/anish/ros2_mycobot_ws/install/mycobot_description/share/mycobot_description/meshes/adaptive_gripper/visual/gripper_left1.dae
[0.063s] -- Up-to-date: /home/anish/ros2_mycobot_ws/install/mycobot_description/share/mycobot_description/meshes/adaptive_gripper/visual/gripper_right2.dae
[0.063s] -- Up-to-date: /home/anish/ros2_mycobot_ws/install/mycobot_description/share/mycobot_description/meshes/mycobot_280
[0.063s] -- Up-to-date: /home/anish/ros2_mycobot_ws/install/mycobot_description/share/mycobot_description/meshes/mycobot_280/visual
[0.063s] -- Up-to-date: /home/anish/ros2_mycobot_ws/install/mycobot_description/share/mycobot_description/meshes/mycobot_280/visual/link1.png
[0.063s] -- Up-to-date: /home/anish/ros2_mycobot_ws/install/mycobot_description/share/mycobot_description/meshes/mycobot_280/visual/link4.png
[0.063s] -- Up-to-date: /home/anish/ros2_mycobot_ws/install/mycobot_description/share/mycobot_description/meshes/mycobot_280/visual/link7.png
[0.063s] -- Up-to-date: /home/anish/ros2_mycobot_ws/install/mycobot_description/share/mycobot_description/meshes/mycobot_280/visual/link2.png
[0.063s] -- Up-to-date: /home/anish/ros2_mycobot_ws/install/mycobot_description/share/mycobot_description/meshes/mycobot_280/visual/link5.dae
[0.064s] -- Up-to-date: /home/anish/ros2_mycobot_ws/install/mycobot_description/share/mycobot_description/meshes/mycobot_280/visual/link5.png
[0.064s] -- Up-to-date: /home/anish/ros2_mycobot_ws/install/mycobot_description/share/mycobot_description/meshes/mycobot_280/visual/link6.png
[0.064s] -- Up-to-date: /home/anish/ros2_mycobot_ws/install/mycobot_description/share/mycobot_description/meshes/mycobot_280/visual/link3.png
[0.064s] -- Up-to-date: /home/anish/ros2_mycobot_ws/install/mycobot_description/share/mycobot_description/meshes/mycobot_280/visual/link3.dae
[0.064s] -- Up-to-date: /home/anish/ros2_mycobot_ws/install/mycobot_description/share/mycobot_description/meshes/mycobot_280/visual/link1.dae
[0.064s] -- Up-to-date: /home/anish/ros2_mycobot_ws/install/mycobot_description/share/mycobot_description/meshes/mycobot_280/visual/link6.dae
[0.064s] -- Up-to-date: /home/anish/ros2_mycobot_ws/install/mycobot_description/share/mycobot_description/meshes/mycobot_280/visual/link2.dae
[0.064s] -- Up-to-date: /home/anish/ros2_mycobot_ws/install/mycobot_description/share/mycobot_description/meshes/mycobot_280/visual/link7.dae
[0.064s] -- Up-to-date: /home/anish/ros2_mycobot_ws/install/mycobot_description/share/mycobot_description/meshes/mycobot_280/visual/suit_env.dae
[0.064s] -- Up-to-date: /home/anish/ros2_mycobot_ws/install/mycobot_description/share/mycobot_description/meshes/mycobot_280/visual/link4.dae
[0.064s] -- Up-to-date: /home/anish/ros2_mycobot_ws/install/mycobot_description/share/ament_index/resource_index/package_run_dependencies/mycobot_description
[0.064s] -- Up-to-date: /home/anish/ros2_mycobot_ws/install/mycobot_description/share/ament_index/resource_index/parent_prefix_path/mycobot_description
[0.064s] -- Up-to-date: /home/anish/ros2_mycobot_ws/install/mycobot_description/share/mycobot_description/environment/ament_prefix_path.sh
[0.065s] -- Up-to-date: /home/anish/ros2_mycobot_ws/install/mycobot_description/share/mycobot_description/environment/ament_prefix_path.dsv
[0.065s] -- Up-to-date: /home/anish/ros2_mycobot_ws/install/mycobot_description/share/mycobot_description/environment/path.sh
[0.065s] -- Up-to-date: /home/anish/ros2_mycobot_ws/install/mycobot_description/share/mycobot_description/environment/path.dsv
[0.065s] -- Up-to-date: /home/anish/ros2_mycobot_ws/install/mycobot_description/share/mycobot_description/local_setup.bash
[0.065s] -- Up-to-date: /home/anish/ros2_mycobot_ws/install/mycobot_description/share/mycobot_description/local_setup.sh
[0.065s] -- Up-to-date: /home/anish/ros2_mycobot_ws/install/mycobot_description/share/mycobot_description/local_setup.zsh
[0.065s] -- Up-to-date: /home/anish/ros2_mycobot_ws/install/mycobot_description/share/mycobot_description/local_setup.dsv
[0.065s] -- Installing: /home/anish/ros2_mycobot_ws/install/mycobot_description/share/mycobot_description/package.dsv
[0.065s] -- Up-to-date: /home/anish/ros2_mycobot_ws/install/mycobot_description/share/ament_index/resource_index/packages/mycobot_description
[0.065s] -- Up-to-date: /home/anish/ros2_mycobot_ws/install/mycobot_description/share/mycobot_description/cmake/mycobot_descriptionConfig.cmake
[0.065s] -- Up-to-date: /home/anish/ros2_mycobot_ws/install/mycobot_description/share/mycobot_description/cmake/mycobot_descriptionConfig-version.cmake
[0.065s] -- Up-to-date: /home/anish/ros2_mycobot_ws/install/mycobot_description/share/mycobot_description/package.xml
[0.065s] Invoked command in '/home/anish/ros2_mycobot_ws/build/mycobot_description' returned '0': CMAKE_PREFIX_PATH=${CMAKE_PREFIX_PATH}:/opt/ros/humble /usr/bin/cmake --install /home/anish/ros2_mycobot_ws/build/mycobot_description
