[0.007s] Invoking command in '/home/anish/ros2_mycobot_ws/build/mycobot_moveit_config_new': /usr/bin/cmake /home/anish/ros2_mycobot_ws/src/mycobot_moveit_config_new -DCMAKE_INSTALL_PREFIX=/home/anish/ros2_mycobot_ws/install/mycobot_moveit_config_new
[0.045s] -- The C compiler identification is GNU 11.4.0
[0.087s] -- The CXX compiler identification is GNU 11.4.0
[0.092s] -- Detecting C compiler ABI info
[0.149s] -- Detecting C compiler ABI info - done
[0.154s] -- Check for working C compiler: /usr/bin/cc - skipped
[0.154s] -- Detecting C compile features
[0.154s] -- Detecting C compile features - done
[0.156s] -- Detecting CXX compiler ABI info
[0.222s] -- Detecting CXX compiler ABI info - done
[0.227s] -- Check for working CXX compiler: /usr/bin/c++ - skipped
[0.227s] -- Detecting CXX compile features
[0.227s] -- Detecting CXX compile features - done
[0.229s] -- Found ament_cmake: 1.3.11 (/opt/ros/humble/share/ament_cmake/cmake)
[0.332s] -- Found Python3: /usr/bin/python3 (found version "3.10.12") found components: Interpreter 
[0.423s] Error parsing '/home/anish/ros2_mycobot_ws/src/mycobot_moveit_config_new/package.xml':
[0.454s] Traceback (most recent call last):
[0.454s]   File "/opt/ros/humble/share/ament_cmake_core/cmake/core/package_xml_2_cmake.py", line 150, in <module>
[0.454s]     main()
[0.454s]   File "/opt/ros/humble/share/ament_cmake_core/cmake/core/package_xml_2_cmake.py", line 53, in main
[0.455s]     raise e
[0.455s]   File "/opt/ros/humble/share/ament_cmake_core/cmake/core/package_xml_2_cmake.py", line 49, in main
[0.455s]     package = parse_package_string(
[0.455s]   File "/usr/lib/python3/dist-packages/catkin_pkg/package.py", line 788, in parse_package_string
[0.455s]     pkg.validate(warnings=warnings)
[0.455s]   File "/usr/lib/python3/dist-packages/catkin_pkg/package.py", line 330, in validate
[0.455s]     raise InvalidPackage('\n'.join(errors), self.filename)
[0.455s] catkin_pkg.package.InvalidPackage: Error(s) in package '/home/anish/ros2_mycobot_ws/src/mycobot_moveit_config_new/package.xml':
[0.455s] Invalid email "" for person ""
[0.455s] Maintainers must have an email address
[0.455s] Invalid email "" for person ""
[0.466s] [31mCMake Error at /opt/ros/humble/share/ament_cmake_core/cmake/core/ament_package_xml.cmake:95 (message):
[0.466s]   execute_process(/usr/bin/python3
[0.467s]   /opt/ros/humble/share/ament_cmake_core/cmake/core/package_xml_2_cmake.py
[0.467s]   /home/anish/ros2_mycobot_ws/src/mycobot_moveit_config_new/package.xml
[0.467s]   /home/anish/ros2_mycobot_ws/build/mycobot_moveit_config_new/ament_cmake_core/package.cmake)
[0.467s]   returned error code 1
[0.467s] Call Stack (most recent call first):
[0.467s]   /opt/ros/humble/share/ament_cmake_core/cmake/core/ament_package_xml.cmake:49 (_ament_package_xml)
[0.467s]   /opt/ros/humble/share/ament_cmake_core/cmake/core/ament_package.cmake:63 (ament_package_xml)
[0.467s]   CMakeLists.txt:6 (ament_package)
[0.467s] 
[0.467s] [0m
[0.467s] -- Configuring incomplete, errors occurred!
[0.467s] See also "/home/anish/ros2_mycobot_ws/build/mycobot_moveit_config_new/CMakeFiles/CMakeOutput.log".
[0.471s] Invoked command in '/home/anish/ros2_mycobot_ws/build/mycobot_moveit_config_new' returned '1': /usr/bin/cmake /home/anish/ros2_mycobot_ws/src/mycobot_moveit_config_new -DCMAKE_INSTALL_PREFIX=/home/anish/ros2_mycobot_ws/install/mycobot_moveit_config_new
