[0.007s] Invoking command in '/home/anish/ros2_mycobot_ws/build/mycobot_moveit_config_new': CMAKE_PREFIX_PATH=/home/anish/ros2_mycobot_ws/install/mycobot_description:/home/anish/ros2_mycobot_ws/install/mycobot_moveit_config_new:/opt/ros/humble /usr/bin/cmake --build /home/anish/ros2_mycobot_ws/build/mycobot_moveit_config_new -- -j16 -l16
[0.025s] -- Found ament_cmake: 1.3.11 (/opt/ros/humble/share/ament_cmake/cmake)
[0.142s] -- Configuring done
[0.145s] -- Generating done
[0.146s] -- Build files have been written to: /home/anish/ros2_mycobot_ws/build/mycobot_moveit_config_new
[0.165s] Invoked command in '/home/anish/ros2_mycobot_ws/build/mycobot_moveit_config_new' returned '0': CMAKE_PREFIX_PATH=/home/anish/ros2_mycobot_ws/install/mycobot_description:/home/anish/ros2_mycobot_ws/install/mycobot_moveit_config_new:/opt/ros/humble /usr/bin/cmake --build /home/anish/ros2_mycobot_ws/build/mycobot_moveit_config_new -- -j16 -l16
[0.166s] Invoking command in '/home/anish/ros2_mycobot_ws/build/mycobot_moveit_config_new': CMAKE_PREFIX_PATH=/home/anish/ros2_mycobot_ws/install/mycobot_description:/home/anish/ros2_mycobot_ws/install/mycobot_moveit_config_new:/opt/ros/humble /usr/bin/cmake --install /home/anish/ros2_mycobot_ws/build/mycobot_moveit_config_new
[0.173s] -- Install configuration: ""
[0.173s] -- Up-to-date: /home/anish/ros2_mycobot_ws/install/mycobot_moveit_config_new/share/ament_index/resource_index/package_run_dependencies/mycobot_moveit_config_new
[0.174s] -- Up-to-date: /home/anish/ros2_mycobot_ws/install/mycobot_moveit_config_new/share/ament_index/resource_index/parent_prefix_path/mycobot_moveit_config_new
[0.174s] -- Up-to-date: /home/anish/ros2_mycobot_ws/install/mycobot_moveit_config_new/share/mycobot_moveit_config_new/environment/ament_prefix_path.sh
[0.174s] -- Installing: /home/anish/ros2_mycobot_ws/install/mycobot_moveit_config_new/share/mycobot_moveit_config_new/environment/ament_prefix_path.dsv
[0.174s] -- Up-to-date: /home/anish/ros2_mycobot_ws/install/mycobot_moveit_config_new/share/mycobot_moveit_config_new/environment/path.sh
[0.174s] -- Installing: /home/anish/ros2_mycobot_ws/install/mycobot_moveit_config_new/share/mycobot_moveit_config_new/environment/path.dsv
[0.174s] -- Up-to-date: /home/anish/ros2_mycobot_ws/install/mycobot_moveit_config_new/share/mycobot_moveit_config_new/local_setup.bash
[0.174s] -- Up-to-date: /home/anish/ros2_mycobot_ws/install/mycobot_moveit_config_new/share/mycobot_moveit_config_new/local_setup.sh
[0.174s] -- Up-to-date: /home/anish/ros2_mycobot_ws/install/mycobot_moveit_config_new/share/mycobot_moveit_config_new/local_setup.zsh
[0.174s] -- Installing: /home/anish/ros2_mycobot_ws/install/mycobot_moveit_config_new/share/mycobot_moveit_config_new/local_setup.dsv
[0.174s] -- Installing: /home/anish/ros2_mycobot_ws/install/mycobot_moveit_config_new/share/mycobot_moveit_config_new/package.dsv
[0.174s] -- Up-to-date: /home/anish/ros2_mycobot_ws/install/mycobot_moveit_config_new/share/ament_index/resource_index/packages/mycobot_moveit_config_new
[0.174s] -- Up-to-date: /home/anish/ros2_mycobot_ws/install/mycobot_moveit_config_new/share/mycobot_moveit_config_new/cmake/mycobot_moveit_config_newConfig.cmake
[0.174s] -- Up-to-date: /home/anish/ros2_mycobot_ws/install/mycobot_moveit_config_new/share/mycobot_moveit_config_new/cmake/mycobot_moveit_config_newConfig-version.cmake
[0.174s] -- Installing: /home/anish/ros2_mycobot_ws/install/mycobot_moveit_config_new/share/mycobot_moveit_config_new/package.xml
[0.175s] -- Up-to-date: /home/anish/ros2_mycobot_ws/install/mycobot_moveit_config_new/share/mycobot_moveit_config_new/launch
[0.175s] -- Installing: /home/anish/ros2_mycobot_ws/install/mycobot_moveit_config_new/share/mycobot_moveit_config_new/launch/setup_assistant.launch.py
[0.175s] -- Installing: /home/anish/ros2_mycobot_ws/install/mycobot_moveit_config_new/share/mycobot_moveit_config_new/launch/static_virtual_joint_tfs.launch.py
[0.175s] -- Installing: /home/anish/ros2_mycobot_ws/install/mycobot_moveit_config_new/share/mycobot_moveit_config_new/launch/rsp.launch.py
[0.175s] -- Installing: /home/anish/ros2_mycobot_ws/install/mycobot_moveit_config_new/share/mycobot_moveit_config_new/launch/move_group.launch.py
[0.175s] -- Installing: /home/anish/ros2_mycobot_ws/install/mycobot_moveit_config_new/share/mycobot_moveit_config_new/launch/spawn_controllers.launch.py
[0.175s] -- Installing: /home/anish/ros2_mycobot_ws/install/mycobot_moveit_config_new/share/mycobot_moveit_config_new/launch/demo.launch.py
[0.175s] -- Installing: /home/anish/ros2_mycobot_ws/install/mycobot_moveit_config_new/share/mycobot_moveit_config_new/launch/warehouse_db.launch.py
[0.175s] -- Installing: /home/anish/ros2_mycobot_ws/install/mycobot_moveit_config_new/share/mycobot_moveit_config_new/launch/moveit_rviz.launch.py
[0.175s] -- Up-to-date: /home/anish/ros2_mycobot_ws/install/mycobot_moveit_config_new/share/mycobot_moveit_config_new/config
[0.175s] -- Installing: /home/anish/ros2_mycobot_ws/install/mycobot_moveit_config_new/share/mycobot_moveit_config_new/config/initial_positions.yaml
[0.175s] -- Installing: /home/anish/ros2_mycobot_ws/install/mycobot_moveit_config_new/share/mycobot_moveit_config_new/config/moveit_controllers.yaml
[0.176s] -- Installing: /home/anish/ros2_mycobot_ws/install/mycobot_moveit_config_new/share/mycobot_moveit_config_new/config/joint_limits.yaml
[0.176s] -- Installing: /home/anish/ros2_mycobot_ws/install/mycobot_moveit_config_new/share/mycobot_moveit_config_new/config/sensors_3d.yaml
[0.176s] -- Installing: /home/anish/ros2_mycobot_ws/install/mycobot_moveit_config_new/share/mycobot_moveit_config_new/config/mycobot_280.srdf
[0.176s] -- Installing: /home/anish/ros2_mycobot_ws/install/mycobot_moveit_config_new/share/mycobot_moveit_config_new/config/moveit.rviz
[0.176s] -- Installing: /home/anish/ros2_mycobot_ws/install/mycobot_moveit_config_new/share/mycobot_moveit_config_new/config/ros2_controllers.yaml
[0.176s] -- Installing: /home/anish/ros2_mycobot_ws/install/mycobot_moveit_config_new/share/mycobot_moveit_config_new/config/mycobot_280.ros2_control.xacro
[0.176s] -- Installing: /home/anish/ros2_mycobot_ws/install/mycobot_moveit_config_new/share/mycobot_moveit_config_new/config/mycobot_280.urdf.xacro
[0.176s] -- Installing: /home/anish/ros2_mycobot_ws/install/mycobot_moveit_config_new/share/mycobot_moveit_config_new/config/kinematics.yaml
[0.176s] -- Installing: /home/anish/ros2_mycobot_ws/install/mycobot_moveit_config_new/share/mycobot_moveit_config_new/config/pilz_cartesian_limits.yaml
[0.177s] -- Installing: /home/anish/ros2_mycobot_ws/install/mycobot_moveit_config_new/share/mycobot_moveit_config_new/.setup_assistant
[0.179s] Invoked command in '/home/anish/ros2_mycobot_ws/build/mycobot_moveit_config_new' returned '0': CMAKE_PREFIX_PATH=/home/anish/ros2_mycobot_ws/install/mycobot_description:/home/anish/ros2_mycobot_ws/install/mycobot_moveit_config_new:/opt/ros/humble /usr/bin/cmake --install /home/anish/ros2_mycobot_ws/build/mycobot_moveit_config_new
