[0.007s] Invoking command in '/home/anish/ros2_mycobot_ws/build/gazebo': CMAKE_PREFIX_PATH=${CMAKE_PREFIX_PATH}:/opt/ros/humble /usr/bin/cmake /home/anish/ros2_mycobot_ws/src/gazebo -DCMAKE_INSTALL_PREFIX=/home/anish/ros2_mycobot_ws/install/gazebo
[0.049s] -- The C compiler identification is GNU 11.4.0
[0.088s] -- The CXX compiler identification is GNU 11.4.0
[0.094s] -- Detecting C compiler ABI info
[0.147s] -- Detecting C compiler ABI info - done
[0.151s] -- Check for working C compiler: /usr/bin/cc - skipped
[0.151s] -- Detecting C compile features
[0.151s] -- Detecting C compile features - done
[0.153s] -- Detecting CXX compiler ABI info
[0.215s] -- Detecting CXX compiler ABI info - done
[0.220s] -- Check for working CXX compiler: /usr/bin/c++ - skipped
[0.220s] -- Detecting CXX compile features
[0.220s] -- Detecting CXX compile features - done
[0.222s] -- Found ament_cmake: 1.3.11 (/opt/ros/humble/share/ament_cmake/cmake)
[0.321s] -- Found Python3: /usr/bin/python3 (found version "3.10.12") found components: Interpreter 
[0.382s] -- Found ament_lint_auto: 0.12.12 (/opt/ros/humble/share/ament_lint_auto/cmake)
[0.434s] -- Added test 'flake8' to check Python code syntax and style conventions
[0.434s] -- Added test 'lint_cmake' to check CMake code style
[0.434s] -- Added test 'pep257' to check Python code against some of the docstring style conventions in PEP 257
[0.435s] -- Added test 'xmllint' to check XML markup files
[0.436s] -- Configuring done
[0.438s] -- Generating done
[0.439s] -- Build files have been written to: /home/anish/ros2_mycobot_ws/build/gazebo
[0.445s] Invoked command in '/home/anish/ros2_mycobot_ws/build/gazebo' returned '0': CMAKE_PREFIX_PATH=${CMAKE_PREFIX_PATH}:/opt/ros/humble /usr/bin/cmake /home/anish/ros2_mycobot_ws/src/gazebo -DCMAKE_INSTALL_PREFIX=/home/anish/ros2_mycobot_ws/install/gazebo
[0.446s] Invoking command in '/home/anish/ros2_mycobot_ws/build/gazebo': CMAKE_PREFIX_PATH=${CMAKE_PREFIX_PATH}:/opt/ros/humble /usr/bin/cmake --build /home/anish/ros2_mycobot_ws/build/gazebo -- -j16 -l16
[0.478s] Invoked command in '/home/anish/ros2_mycobot_ws/build/gazebo' returned '0': CMAKE_PREFIX_PATH=${CMAKE_PREFIX_PATH}:/opt/ros/humble /usr/bin/cmake --build /home/anish/ros2_mycobot_ws/build/gazebo -- -j16 -l16
[0.485s] Invoking command in '/home/anish/ros2_mycobot_ws/build/gazebo': CMAKE_PREFIX_PATH=${CMAKE_PREFIX_PATH}:/opt/ros/humble /usr/bin/cmake --install /home/anish/ros2_mycobot_ws/build/gazebo
[0.491s] -- Install configuration: ""
[0.491s] -- Installing: /home/anish/ros2_mycobot_ws/install/gazebo/share/gazebo/launch
[0.491s] -- Installing: /home/anish/ros2_mycobot_ws/install/gazebo/share/gazebo/launch/demo_classic.launch.py
[0.491s] -- Installing: /home/anish/ros2_mycobot_ws/install/gazebo/share/gazebo/config
[0.491s] -- Installing: /home/anish/ros2_mycobot_ws/install/gazebo/share/gazebo/worlds
[0.491s] -- Installing: /home/anish/ros2_mycobot_ws/install/gazebo/share/gazebo/worlds/empty.world
[0.491s] -- Installing: /home/anish/ros2_mycobot_ws/install/gazebo/share/gazebo/urdf
[0.491s] -- Installing: /home/anish/ros2_mycobot_ws/install/gazebo/share/gazebo/urdf/final_urdf.urdf
[0.491s] -- Installing: /home/anish/ros2_mycobot_ws/install/gazebo/share/ament_index/resource_index/package_run_dependencies/gazebo
[0.492s] -- Installing: /home/anish/ros2_mycobot_ws/install/gazebo/share/ament_index/resource_index/parent_prefix_path/gazebo
[0.492s] -- Installing: /home/anish/ros2_mycobot_ws/install/gazebo/share/gazebo/environment/ament_prefix_path.sh
[0.492s] -- Installing: /home/anish/ros2_mycobot_ws/install/gazebo/share/gazebo/environment/ament_prefix_path.dsv
[0.492s] -- Installing: /home/anish/ros2_mycobot_ws/install/gazebo/share/gazebo/environment/path.sh
[0.492s] -- Installing: /home/anish/ros2_mycobot_ws/install/gazebo/share/gazebo/environment/path.dsv
[0.492s] -- Installing: /home/anish/ros2_mycobot_ws/install/gazebo/share/gazebo/local_setup.bash
[0.492s] -- Installing: /home/anish/ros2_mycobot_ws/install/gazebo/share/gazebo/local_setup.sh
[0.492s] -- Installing: /home/anish/ros2_mycobot_ws/install/gazebo/share/gazebo/local_setup.zsh
[0.492s] -- Installing: /home/anish/ros2_mycobot_ws/install/gazebo/share/gazebo/local_setup.dsv
[0.492s] -- Installing: /home/anish/ros2_mycobot_ws/install/gazebo/share/gazebo/package.dsv
[0.492s] -- Installing: /home/anish/ros2_mycobot_ws/install/gazebo/share/ament_index/resource_index/packages/gazebo
[0.493s] -- Installing: /home/anish/ros2_mycobot_ws/install/gazebo/share/gazebo/cmake/gazeboConfig.cmake
[0.493s] -- Installing: /home/anish/ros2_mycobot_ws/install/gazebo/share/gazebo/cmake/gazeboConfig-version.cmake
[0.493s] -- Installing: /home/anish/ros2_mycobot_ws/install/gazebo/share/gazebo/package.xml
[0.494s] Invoked command in '/home/anish/ros2_mycobot_ws/build/gazebo' returned '0': CMAKE_PREFIX_PATH=${CMAKE_PREFIX_PATH}:/opt/ros/humble /usr/bin/cmake --install /home/anish/ros2_mycobot_ws/build/gazebo
